<?xml version="1.0" encoding="UTF-8"?>
<!-- Generated by org.testng.reporters.JUnitReportReporter -->
<testsuite skipped="0" hostname="Ganesh-PC" name="com.crm.qa.testdata.ContactsPageTest" tests="3" failures="0" timestamp="28 Mar 2018 18:30:19 GMT" time="79.097" errors="0">
  <testcase name="verifyContactsLabel" time="25.478" classname="com.crm.qa.testdata.ContactsPageTest"/>
  <testcase name="selectSingleContactsByName" time="25.668" classname="com.crm.qa.testdata.ContactsPageTest"/>
  <testcase name="selectMultipleContactsByName" time="27.951" classname="com.crm.qa.testdata.ContactsPageTest"/>
</testsuite> <!-- com.crm.qa.testdata.ContactsPageTest -->
