<?xml version="1.0" encoding="UTF-8"?>
<!-- Generated by org.testng.reporters.JUnitReportReporter -->
<testsuite skipped="0" hostname="Ganesh-PC" name="com.crm.qa.testdata.HomePageTest" tests="3" failures="0" timestamp="28 Mar 2018 18:30:19 GMT" time="63.495" errors="0">
  <testcase name="verifyHomePageTitleTest" time="23.768" classname="com.crm.qa.testdata.HomePageTest"/>
  <testcase name="verifyUsernameTest" time="18.943" classname="com.crm.qa.testdata.HomePageTest"/>
  <testcase name="verifyContactsLinkTest" time="20.784" classname="com.crm.qa.testdata.HomePageTest"/>
</testsuite> <!-- com.crm.qa.testdata.HomePageTest -->
