<?xml version="1.0" encoding="UTF-8"?>
<!-- Generated by org.testng.reporters.JUnitReportReporter -->
<testsuite skipped="0" hostname="Ganesh-PC" name="com.crm.qa.testcases.RoughTest" tests="4" failures="0" timestamp="29 Mar 2018 07:39:25 GMT" time="0.062" errors="0">
  <testcase name="Demo" time="0.006" classname="com.crm.qa.testcases.RoughTest"/>
  <testcase name="Demo" time="0.037" classname="com.crm.qa.testcases.RoughTest"/>
  <testcase name="Demo" time="0.014" classname="com.crm.qa.testcases.RoughTest"/>
  <testcase name="Demo" time="0.005" classname="com.crm.qa.testcases.RoughTest"/>
</testsuite> <!-- com.crm.qa.testcases.RoughTest -->
