<?xml version="1.0" encoding="UTF-8"?>
<!-- Generated by org.testng.reporters.JUnitReportReporter -->
<testsuite skipped="0" hostname="Ganesh-PC" name="com.crm.qa.testcases.LoginPageTest" tests="3" failures="0" timestamp="29 Mar 2018 12:04:09 GMT" time="58.348" errors="0">
  <testcase name="loginPageTest" time="14.505" classname="com.crm.qa.testcases.LoginPageTest"/>
  <testcase name="crmLogoImageTest" time="14.443" classname="com.crm.qa.testcases.LoginPageTest"/>
  <testcase name="loginTest" time="29.400" classname="com.crm.qa.testcases.LoginPageTest"/>
</testsuite> <!-- com.crm.qa.testcases.LoginPageTest -->
