<?xml version="1.0" encoding="UTF-8"?>
<!-- Generated by org.testng.reporters.JUnitReportReporter -->
<testsuite skipped="0" hostname="Ganesh-PC" name="com.crm.qa.testdata.LoginPageTest" tests="3" failures="0" timestamp="28 Mar 2018 18:30:19 GMT" time="47.274" errors="0">
  <testcase name="loginPageTest" time="9.542" classname="com.crm.qa.testdata.LoginPageTest"/>
  <testcase name="crmLogoImageTest" time="9.246" classname="com.crm.qa.testdata.LoginPageTest"/>
  <testcase name="loginTest" time="28.486" classname="com.crm.qa.testdata.LoginPageTest"/>
</testsuite> <!-- com.crm.qa.testdata.LoginPageTest -->
