<?xml version="1.0" encoding="UTF-8"?>
<!-- Generated by org.testng.reporters.JUnitReportReporter -->
<testsuite skipped="0" hostname="Ganesh-PC" name="com.crm.qa.testcases.HomePageTest" tests="3" failures="0" timestamp="02 Apr 2018 10:38:16 GMT" time="77.057" errors="0">
  <testcase name="verifyHomePageTitleTest" time="32.102" classname="com.crm.qa.testcases.HomePageTest"/>
  <testcase name="verifyUsernameTest" time="23.022" classname="com.crm.qa.testcases.HomePageTest"/>
  <testcase name="verifyContactsLinkTest" time="21.933" classname="com.crm.qa.testcases.HomePageTest"/>
</testsuite> <!-- com.crm.qa.testcases.HomePageTest -->
