<?xml version="1.0" encoding="UTF-8"?>
<!-- Generated by org.testng.reporters.JUnitReportReporter -->
<testsuite skipped="0" hostname="Ganesh-PC" name="com.crm.qa.testcases.LoginPageTest" tests="3" failures="0" timestamp="02 Apr 2018 10:38:16 GMT" time="58.217" errors="0">
  <testcase name="loginPageTest" time="13.254" classname="com.crm.qa.testcases.LoginPageTest"/>
  <testcase name="crmLogoImageTest" time="22.915" classname="com.crm.qa.testcases.LoginPageTest"/>
  <testcase name="loginTest" time="22.048" classname="com.crm.qa.testcases.LoginPageTest"/>
</testsuite> <!-- com.crm.qa.testcases.LoginPageTest -->
