<?xml version="1.0" encoding="UTF-8"?>
<!-- Generated by org.testng.reporters.JUnitReportReporter -->
<testsuite skipped="3" hostname="Ganesh-PC" name="com.crm.qa.testcases.HomePageTest" tests="4" failures="0" timestamp="02 Apr 2018 09:56:08 GMT" time="16.497" errors="1">
  <testcase name="setUp" time="16.497" classname="com.crm.qa.testcases.HomePageTest">
    <error type="java.lang.StackOverflowError">
      <![CDATA[java.lang.StackOverflowError
	at java.io.FileOutputStream.writeBytes(Native Method)
	at java.io.FileOutputStream.write(Unknown Source)
	at java.io.BufferedOutputStream.flushBuffer(Unknown Source)
	at java.io.BufferedOutputStream.write(Unknown Source)
	at java.io.PrintStream.write(Unknown Source)
	at org.apache.maven.surefire.booter.ForkingRunListener.writeTestOutput(ForkingRunListener.java:178)
	at org.apache.maven.surefire.report.ConsoleOutputCapture$ForwardingPrintStream.println(ConsoleOutputCapture.java:91)
	at com.crm.qa.util.WebEventListener.onException(WebEventListener.java:65)
	at sun.reflect.GeneratedMethodAccessor1.invoke(Unknown Source)
	at sun.reflect.DelegatingMethodAccessorImpl.invoke(Unknown Source)
	at java.lang.reflect.Method.invoke(Unknown Source)
	at org.openqa.selenium.support.events.EventFiringWebDriver.lambda$new$0(EventFiringWebDriver.java:82)
	at org.openqa.selenium.support.events.EventFiringWebDriver$$Lambda$126/19428065.invoke(Unknown Source)
	at com.sun.proxy.$Proxy5.onException(Unknown Source)
	at org.openqa.selenium.support.events.EventFiringWebDriver.lambda$new$1(EventFiringWebDriver.java:105)
	at org.openqa.selenium.support.events.EventFiringWebDriver$$Lambda$127/30460305.invoke(Unknown Source)
	at com.sun.proxy.$Proxy6.getScreenshotAs(Unknown Source)
	at org.openqa.selenium.support.events.EventFiringWebDriver.getScreenshotAs(EventFiringWebDriver.java:285)
	at com.crm.qa.util.TestUtil.takeScreenshotAtEndOfTest(TestUtil.java:67)
	at com.crm.qa.util.WebEventListener.onException(WebEventListener.java:67)
	at sun.reflect.GeneratedMethodAccessor1.invoke(Unknown Source)
	at sun.reflect.DelegatingMethodAccessorImpl.invoke(Unknown Source)
	at java.lang.reflect.Method.invoke(Unknown Source)
	at org.openqa.selenium.support.events.EventFiringWebDriver.lambda$new$0(EventFiringWebDriver.java:82)
	at org.openqa.selenium.support.events.EventFiringWebDriver$$Lambda$126/19428065.invoke(Unknown Source)
	at com.sun.proxy.$Proxy5.onException(Unknown Source)
	at org.openqa.selenium.support.events.EventFiringWebDriver.lambda$new$1(EventFiringWebDriver.java:105)
	at org.openqa.selenium.support.events.EventFiringWebDriver$$Lambda$127/30460305.invoke(Unknown Source)
	at com.sun.proxy.$Proxy6.getScreenshotAs(Unknown Source)
	at org.openqa.selenium.support.events.EventFiringWebDriver.getScreenshotAs(EventFiringWebDriver.java:285)
	at com.crm.qa.util.TestUtil.takeScreenshotAtEndOfTest(TestUtil.java:67)
	at com.crm.qa.util.WebEventListener.onException(WebEventListener.java:67)
	at sun.reflect.GeneratedMethodAccessor1.invoke(Unknown Source)
	at sun.reflect.DelegatingMethodAccessorImpl.invoke(Unknown Source)
	at java.lang.reflect.Method.invoke(Unknown Source)
	at org.openqa.selenium.support.events.EventFiringWebDriver.lambda$new$0(EventFiringWebDriver.java:82)
	at org.openqa.selenium.support.events.EventFiringWebDriver$$Lambda$126/19428065.invoke(Unknown Source)
	at com.sun.proxy.$Proxy5.onException(Unknown Source)
	at org.openqa.selenium.support.events.EventFiringWebDriver.lambda$new$1(EventFiringWebDriver.java:105)
	at org.openqa.selenium.support.events.EventFiringWebDriver$$Lambda$127/30460305.invoke(Unknown Source)
	at com.sun.proxy.$Proxy6.getScreenshotAs(Unknown Source)
	at org.openqa.selenium.support.events.EventFiringWebDriver.getScreenshotAs(EventFiringWebDriver.java:285)
	at com.crm.qa.util.TestUtil.takeScreenshotAtEndOfTest(TestUtil.java:67)
	at com.crm.qa.util.WebEventListener.onException(WebEventListener.java:67)
	at sun.reflect.GeneratedMethodAccessor1.invoke(Unknown Source)
	at sun.reflect.DelegatingMethodAccessorImpl.invoke(Unknown Source)
	at java.lang.reflect.Method.invoke(Unknown Source)
	at org.openqa.selenium.support.events.EventFiringWebDriver.lambda$new$0(EventFiringWebDriver.java:82)
	at org.openqa.selenium.support.events.EventFiringWebDriver$$Lambda$126/19428065.invoke(Unknown Source)
	at com.sun.proxy.$Proxy5.onException(Unknown Source)
	at org.openqa.selenium.support.events.EventFiringWebDriver.lambda$new$1(EventFiringWebDriver.java:105)
	at org.openqa.selenium.support.events.EventFiringWebDriver$$Lambda$127/30460305.invoke(Unknown Source)
	at com.sun.proxy.$Proxy6.getScreenshotAs(Unknown Source)
	at org.openqa.selenium.support.events.EventFiringWebDriver.getScreenshotAs(EventFiringWebDriver.java:285)
	at com.crm.qa.util.TestUtil.takeScreenshotAtEndOfTest(TestUtil.java:67)
	at com.crm.qa.util.WebEventListener.onException(WebEventListener.java:67)
	at sun.reflect.GeneratedMethodAccessor1.invoke(Unknown Source)
	at sun.reflect.DelegatingMethodAccessorImpl.invoke(Unknown Source)
	at java.lang.reflect.Method.invoke(Unknown Source)
	at org.openqa.selenium.support.events.EventFiringWebDriver.lambda$new$0(EventFiringWebDriver.java:82)
	at org.openqa.selenium.support.events.EventFiringWebDriver$$Lambda$126/19428065.invoke(Unknown Source)
	at com.sun.proxy.$Proxy5.onException(Unknown Source)
	at org.openqa.selenium.support.events.EventFiringWebDriver.lambda$new$1(EventFiringWebDriver.java:105)
	at org.openqa.selenium.support.events.EventFiringWebDriver$$Lambda$127/30460305.invoke(Unknown Source)
	at com.sun.proxy.$Proxy6.getScreenshotAs(Unknown Source)
	at org.openqa.selenium.support.events.EventFiringWebDriver.getScreenshotAs(EventFiringWebDriver.java:285)
	at com.crm.qa.util.TestUtil.takeScreenshotAtEndOfTest(TestUtil.java:67)
	at com.crm.qa.util.WebEventListener.onException(WebEventListener.java:67)
	at sun.reflect.GeneratedMethodAccessor1.invoke(Unknown Source)
	at sun.reflect.DelegatingMethodAccessorImpl.invoke(Unknown Source)
	at java.lang.reflect.Method.invoke(Unknown Source)
	at org.openqa.selenium.support.events.EventFiringWebDriver.lambda$new$0(EventFiringWebDriver.java:82)
	at org.openqa.selenium.support.events.EventFiringWebDriver$$Lambda$126/19428065.invoke(Unknown Source)
	at com.sun.proxy.$Proxy5.onException(Unknown Source)
	at org.openqa.selenium.support.events.EventFiringWebDriver.lambda$new$1(EventFiringWebDriver.java:105)
	at org.openqa.selenium.support.events.EventFiringWebDriver$$Lambda$127/30460305.invoke(Unknown Source)
	at com.sun.proxy.$Proxy6.getScreenshotAs(Unknown Source)
	at org.openqa.selenium.support.events.EventFiringWebDriver.getScreenshotAs(EventFiringWebDriver.java:285)
	at com.crm.qa.util.TestUtil.takeScreenshotAtEndOfTest(TestUtil.java:67)
	at com.crm.qa.util.WebEventListener.onException(WebEventListener.java:67)
	at sun.reflect.GeneratedMethodAccessor1.invoke(Unknown Source)
	at sun.reflect.DelegatingMethodAccessorImpl.invoke(Unknown Source)
	at java.lang.reflect.Method.invoke(Unknown Source)
	at org.openqa.selenium.support.events.EventFiringWebDriver.lambda$new$0(EventFiringWebDriver.java:82)
	at org.openqa.selenium.support.events.EventFiringWebDriver$$Lambda$126/19428065.invoke(Unknown Source)
	at com.sun.proxy.$Proxy5.onException(Unknown Source)
	at org.openqa.selenium.support.events.EventFiringWebDriver.lambda$new$1(EventFiringWebDriver.java:105)
	at org.openqa.selenium.support.events.EventFiringWebDriver$$Lambda$127/30460305.invoke(Unknown Source)
	at com.sun.proxy.$Proxy6.getScreenshotAs(Unknown Source)
	at org.openqa.selenium.support.events.EventFiringWebDriver.getScreenshotAs(EventFiringWebDriver.java:285)
	at com.crm.qa.util.TestUtil.takeScreenshotAtEndOfTest(TestUtil.java:67)
	at com.crm.qa.util.WebEventListener.onException(WebEventListener.java:67)
	at sun.reflect.GeneratedMethodAccessor1.invoke(Unknown Source)
	at sun.reflect.DelegatingMethodAccessorImpl.invoke(Unknown Source)
	at java.lang.reflect.Method.invoke(Unknown Source)
	at org.openqa.selenium.support.events.EventFiringWebDriver.lambda$new$0(EventFiringWebDriver.java:82)
	at org.openqa.selenium.support.events.EventFiringWebDriver$$Lambda$126/19428065.invoke(Unknown Source)
	at com.sun.proxy.$Proxy5.onException(Unknown Source)
	at org.openqa.selenium.support.events.EventFiringWebDriver.lambda$new$1(EventFiringWebDriver.java:105)
	at org.openqa.selenium.support.events.EventFiringWebDriver$$Lambda$127/30460305.invoke(Unknown Source)
	at com.sun.proxy.$Proxy6.getScreenshotAs(Unknown Source)
	at org.openqa.selenium.support.events.EventFiringWebDriver.getScreenshotAs(EventFiringWebDriver.java:285)
	at com.crm.qa.util.TestUtil.takeScreenshotAtEndOfTest(TestUtil.java:67)
	at com.crm.qa.util.WebEventListener.onException(WebEventListener.java:67)
	at sun.reflect.GeneratedMethodAccessor1.invoke(Unknown Source)
	at sun.reflect.DelegatingMethodAccessorImpl.invoke(Unknown Source)
	at java.lang.reflect.Method.invoke(Unknown Source)
	at org.openqa.selenium.support.events.EventFiringWebDriver.lambda$new$0(EventFiringWebDriver.java:82)
	at org.openqa.selenium.support.events.EventFiringWebDriver$$Lambda$126/19428065.invoke(Unknown Source)
	at com.sun.proxy.$Proxy5.onException(Unknown Source)
	at org.openqa.selenium.support.events.EventFiringWebDriver.lambda$new$1(EventFiringWebDriver.java:105)
	at org.openqa.selenium.support.events.EventFiringWebDriver$$Lambda$127/30460305.invoke(Unknown Source)
	at com.sun.proxy.$Proxy6.getScreenshotAs(Unknown Source)
	at org.openqa.selenium.support.events.EventFiringWebDriver.getScreenshotAs(EventFiringWebDriver.java:285)
	at com.crm.qa.util.TestUtil.takeScreenshotAtEndOfTest(TestUtil.java:67)
	at com.crm.qa.util.WebEventListener.onException(WebEventListener.java:67)
	at sun.reflect.GeneratedMethodAccessor1.invoke(Unknown Source)
	at sun.reflect.DelegatingMethodAccessorImpl.invoke(Unknown Source)
	at java.lang.reflect.Method.invoke(Unknown Source)
	at org.openqa.selenium.support.events.EventFiringWebDriver.lambda$new$0(EventFiringWebDriver.java:82)
	at org.openqa.selenium.support.events.EventFiringWebDriver$$Lambda$126/19428065.invoke(Unknown Source)
	at com.sun.proxy.$Proxy5.onException(Unknown Source)
	at org.openqa.selenium.support.events.EventFiringWebDriver.lambda$new$1(EventFiringWebDriver.java:105)
	at org.openqa.selenium.support.events.EventFiringWebDriver$$Lambda$127/30460305.invoke(Unknown Source)
	at com.sun.proxy.$Proxy6.getScreenshotAs(Unknown Source)
	at org.openqa.selenium.support.events.EventFiringWebDriver.getScreenshotAs(EventFiringWebDriver.java:285)
	at com.crm.qa.util.TestUtil.takeScreenshotAtEndOfTest(TestUtil.java:67)
	at com.crm.qa.util.WebEventListener.onException(WebEventListener.java:67)
	at sun.reflect.GeneratedMethodAccessor1.invoke(Unknown Source)
	at sun.reflect.DelegatingMethodAccessorImpl.invoke(Unknown Source)
	at java.lang.reflect.Method.invoke(Unknown Source)
	at org.openqa.selenium.support.events.EventFiringWebDriver.lambda$new$0(EventFiringWebDriver.java:82)
	at org.openqa.selenium.support.events.EventFiringWebDriver$$Lambda$126/19428065.invoke(Unknown Source)
	at com.sun.proxy.$Proxy5.onException(Unknown Source)
	at org.openqa.selenium.support.events.EventFiringWebDriver.lambda$new$1(EventFiringWebDriver.java:105)
	at org.openqa.selenium.support.events.EventFiringWebDriver$$Lambda$127/30460305.invoke(Unknown Source)
	at com.sun.proxy.$Proxy6.getScreenshotAs(Unknown Source)
	at org.openqa.selenium.support.events.EventFiringWebDriver.getScreenshotAs(EventFiringWebDriver.java:285)
	at com.crm.qa.util.TestUtil.takeScreenshotAtEndOfTest(TestUtil.java:67)
	at com.crm.qa.util.WebEventListener.onException(WebEventListener.java:67)
	at sun.reflect.GeneratedMethodAccessor1.invoke(Unknown Source)
	at sun.reflect.DelegatingMethodAccessorImpl.invoke(Unknown Source)
	at java.lang.reflect.Method.invoke(Unknown Source)
	at org.openqa.selenium.support.events.EventFiringWebDriver.lambda$new$0(EventFiringWebDriver.java:82)
	at org.openqa.selenium.support.events.EventFiringWebDriver$$Lambda$126/19428065.invoke(Unknown Source)
	at com.sun.proxy.$Proxy5.onException(Unknown Source)
	at org.openqa.selenium.support.events.EventFiringWebDriver.lambda$new$1(EventFiringWebDriver.java:105)
	at org.openqa.selenium.support.events.EventFiringWebDriver$$Lambda$127/30460305.invoke(Unknown Source)
	at com.sun.proxy.$Proxy6.getScreenshotAs(Unknown Source)
	at org.openqa.selenium.support.events.EventFiringWebDriver.getScreenshotAs(EventFiringWebDriver.java:285)
	at com.crm.qa.util.TestUtil.takeScreenshotAtEndOfTest(TestUtil.java:67)
	at com.crm.qa.util.WebEventListener.onException(WebEventListener.java:67)
	at sun.reflect.GeneratedMethodAccessor1.invoke(Unknown Source)
	at sun.reflect.DelegatingMethodAccessorImpl.invoke(Unknown Source)
	at java.lang.reflect.Method.invoke(Unknown Source)
	at org.openqa.selenium.support.events.EventFiringWebDriver.lambda$new$0(EventFiringWebDriver.java:82)
	at org.openqa.selenium.support.events.EventFiringWebDriver$$Lambda$126/19428065.invoke(Unknown Source)
	at com.sun.proxy.$Proxy5.onException(Unknown Source)
	at org.openqa.selenium.support.events.EventFiringWebDriver.lambda$new$1(EventFiringWebDriver.java:105)
	at org.openqa.selenium.support.events.EventFiringWebDriver$$Lambda$127/30460305.invoke(Unknown Source)
	at com.sun.proxy.$Proxy6.getScreenshotAs(Unknown Source)
	at org.openqa.selenium.support.events.EventFiringWebDriver.getScreenshotAs(EventFiringWebDriver.java:285)
	at com.crm.qa.util.TestUtil.takeScreenshotAtEndOfTest(TestUtil.java:67)
	at com.crm.qa.util.WebEventListener.onException(WebEventListener.java:67)
	at sun.reflect.GeneratedMethodAccessor1.invoke(Unknown Source)
	at sun.reflect.DelegatingMethodAccessorImpl.invoke(Unknown Source)
	at java.lang.reflect.Method.invoke(Unknown Source)
	at org.openqa.selenium.support.events.EventFiringWebDriver.lambda$new$0(EventFiringWebDriver.java:82)
	at org.openqa.selenium.support.events.EventFiringWebDriver$$Lambda$126/19428065.invoke(Unknown Source)
	at com.sun.proxy.$Proxy5.onException(Unknown Source)
	at org.openqa.selenium.support.events.EventFiringWebDriver.lambda$new$1(EventFiringWebDriver.java:105)
	at org.openqa.selenium.support.events.EventFiringWebDriver$$Lambda$127/30460305.invoke(Unknown Source)
	at com.sun.proxy.$Proxy6.getScreenshotAs(Unknown Source)
	at org.openqa.selenium.support.events.EventFiringWebDriver.getScreenshotAs(EventFiringWebDriver.java:285)
	at com.crm.qa.util.TestUtil.takeScreenshotAtEndOfTest(TestUtil.java:67)
	at com.crm.qa.util.WebEventListener.onException(WebEventListener.java:67)
	at sun.reflect.GeneratedMethodAccessor1.invoke(Unknown Source)
	at sun.reflect.DelegatingMethodAccessorImpl.invoke(Unknown Source)
	at java.lang.reflect.Method.invoke(Unknown Source)
	at org.openqa.selenium.support.events.EventFiringWebDriver.lambda$new$0(EventFiringWebDriver.java:82)
	at org.openqa.selenium.support.events.EventFiringWebDriver$$Lambda$126/19428065.invoke(Unknown Source)
	at com.sun.proxy.$Proxy5.onException(Unknown Source)
	at org.openqa.selenium.support.events.EventFiringWebDriver.lambda$new$1(EventFiringWebDriver.java:105)
	at org.openqa.selenium.support.events.EventFiringWebDriver$$Lambda$127/30460305.invoke(Unknown Source)
	at com.sun.proxy.$Proxy6.getScreenshotAs(Unknown Source)
	at org.openqa.selenium.support.events.EventFiringWebDriver.getScreenshotAs(EventFiringWebDriver.java:285)
	at com.crm.qa.util.TestUtil.takeScreenshotAtEndOfTest(TestUtil.java:67)
	at com.crm.qa.util.WebEventListener.onException(WebEventListener.java:67)
	at sun.reflect.GeneratedMethodAccessor1.invoke(Unknown Source)
	at sun.reflect.DelegatingMethodAccessorImpl.invoke(Unknown Source)
	at java.lang.reflect.Method.invoke(Unknown Source)
	at org.openqa.selenium.support.events.EventFiringWebDriver.lambda$new$0(EventFiringWebDriver.java:82)
	at org.openqa.selenium.support.events.EventFiringWebDriver$$Lambda$126/19428065.invoke(Unknown Source)
	at com.sun.proxy.$Proxy5.onException(Unknown Source)
	at org.openqa.selenium.support.events.EventFiringWebDriver.lambda$new$1(EventFiringWebDriver.java:105)
	at org.openqa.selenium.support.events.EventFiringWebDriver$$Lambda$127/30460305.invoke(Unknown Source)
	at com.sun.proxy.$Proxy6.getScreenshotAs(Unknown Source)
	at org.openqa.selenium.support.events.EventFiringWebDriver.getScreenshotAs(EventFiringWebDriver.java:285)
	at com.crm.qa.util.TestUtil.takeScreenshotAtEndOfTest(TestUtil.java:67)
	at com.crm.qa.util.WebEventListener.onException(WebEventListener.java:67)
	at sun.reflect.GeneratedMethodAccessor1.invoke(Unknown Source)
	at sun.reflect.DelegatingMethodAccessorImpl.invoke(Unknown Source)
	at java.lang.reflect.Method.invoke(Unknown Source)
	at org.openqa.selenium.support.events.EventFiringWebDriver.lambda$new$0(EventFiringWebDriver.java:82)
	at org.openqa.selenium.support.events.EventFiringWebDriver$$Lambda$126/19428065.invoke(Unknown Source)
	at com.sun.proxy.$Proxy5.onException(Unknown Source)
	at org.openqa.selenium.support.events.EventFiringWebDriver.lambda$new$1(EventFiringWebDriver.java:105)
	at org.openqa.selenium.support.events.EventFiringWebDriver$$Lambda$127/30460305.invoke(Unknown Source)
	at com.sun.proxy.$Proxy6.getScreenshotAs(Unknown Source)
	at org.openqa.selenium.support.events.EventFiringWebDriver.getScreenshotAs(EventFiringWebDriver.java:285)
	at com.crm.qa.util.TestUtil.takeScreenshotAtEndOfTest(TestUtil.java:67)
	at com.crm.qa.util.WebEventListener.onException(WebEventListener.java:67)
	at sun.reflect.GeneratedMethodAccessor1.invoke(Unknown Source)
	at sun.reflect.DelegatingMethodAccessorImpl.invoke(Unknown Source)
	at java.lang.reflect.Method.invoke(Unknown Source)
	at org.openqa.selenium.support.events.EventFiringWebDriver.lambda$new$0(EventFiringWebDriver.java:82)
	at org.openqa.selenium.support.events.EventFiringWebDriver$$Lambda$126/19428065.invoke(Unknown Source)
	at com.sun.proxy.$Proxy5.onException(Unknown Source)
	at org.openqa.selenium.support.events.EventFiringWebDriver.lambda$new$1(EventFiringWebDriver.java:105)
	at org.openqa.selenium.support.events.EventFiringWebDriver$$Lambda$127/30460305.invoke(Unknown Source)
	at com.sun.proxy.$Proxy6.getScreenshotAs(Unknown Source)
	at org.openqa.selenium.support.events.EventFiringWebDriver.getScreenshotAs(EventFiringWebDriver.java:285)
	at com.crm.qa.util.TestUtil.takeScreenshotAtEndOfTest(TestUtil.java:67)
	at com.crm.qa.util.WebEventListener.onException(WebEventListener.java:67)
	at sun.reflect.GeneratedMethodAccessor1.invoke(Unknown Source)
	at sun.reflect.DelegatingMethodAccessorImpl.invoke(Unknown Source)
	at java.lang.reflect.Method.invoke(Unknown Source)
	at org.openqa.selenium.support.events.EventFiringWebDriver.lambda$new$0(EventFiringWebDriver.java:82)
	at org.openqa.selenium.support.events.EventFiringWebDriver$$Lambda$126/19428065.invoke(Unknown Source)
	at com.sun.proxy.$Proxy5.onException(Unknown Source)
	at org.openqa.selenium.support.events.EventFiringWebDriver.lambda$new$1(EventFiringWebDriver.java:105)
	at org.openqa.selenium.support.events.EventFiringWebDriver$$Lambda$127/30460305.invoke(Unknown Source)
	at com.sun.proxy.$Proxy6.getScreenshotAs(Unknown Source)
	at org.openqa.selenium.support.events.EventFiringWebDriver.getScreenshotAs(EventFiringWebDriver.java:285)
	at com.crm.qa.util.TestUtil.takeScreenshotAtEndOfTest(TestUtil.java:67)
	at com.crm.qa.util.WebEventListener.onException(WebEventListener.java:67)
	at sun.reflect.GeneratedMethodAccessor1.invoke(Unknown Source)
	at sun.reflect.DelegatingMethodAccessorImpl.invoke(Unknown Source)
	at java.lang.reflect.Method.invoke(Unknown Source)
	at org.openqa.selenium.support.events.EventFiringWebDriver.lambda$new$0(EventFiringWebDriver.java:82)
	at org.openqa.selenium.support.events.EventFiringWebDriver$$Lambda$126/19428065.invoke(Unknown Source)
	at com.sun.proxy.$Proxy5.onException(Unknown Source)
	at org.openqa.selenium.support.events.EventFiringWebDriver.lambda$new$1(EventFiringWebDriver.java:105)
	at org.openqa.selenium.support.events.EventFiringWebDriver$$Lambda$127/30460305.invoke(Unknown Source)
	at com.sun.proxy.$Proxy6.getScreenshotAs(Unknown Source)
	at org.openqa.selenium.support.events.EventFiringWebDriver.getScreenshotAs(EventFiringWebDriver.java:285)
	at com.crm.qa.util.TestUtil.takeScreenshotAtEndOfTest(TestUtil.java:67)
	at com.crm.qa.util.WebEventListener.onException(WebEventListener.java:67)
	at sun.reflect.GeneratedMethodAccessor1.invoke(Unknown Source)
	at sun.reflect.DelegatingMethodAccessorImpl.invoke(Unknown Source)
	at java.lang.reflect.Method.invoke(Unknown Source)
	at org.openqa.selenium.support.events.EventFiringWebDriver.lambda$new$0(EventFiringWebDriver.java:82)
	at org.openqa.selenium.support.events.EventFiringWebDriver$$Lambda$126/19428065.invoke(Unknown Source)
	at com.sun.proxy.$Proxy5.onException(Unknown Source)
	at org.openqa.selenium.support.events.EventFiringWebDriver.lambda$new$1(EventFiringWebDriver.java:105)
	at org.openqa.selenium.support.events.EventFiringWebDriver$$Lambda$127/30460305.invoke(Unknown Source)
	at com.sun.proxy.$Proxy6.getScreenshotAs(Unknown Source)
	at org.openqa.selenium.support.events.EventFiringWebDriver.getScreenshotAs(EventFiringWebDriver.java:285)
	at com.crm.qa.util.TestUtil.takeScreenshotAtEndOfTest(TestUtil.java:67)
	at com.crm.qa.util.WebEventListener.onException(WebEventListener.java:67)
	at sun.reflect.GeneratedMethodAccessor1.invoke(Unknown Source)
	at sun.reflect.DelegatingMethodAccessorImpl.invoke(Unknown Source)
	at java.lang.reflect.Method.invoke(Unknown Source)
	at org.openqa.selenium.support.events.EventFiringWebDriver.lambda$new$0(EventFiringWebDriver.java:82)
	at org.openqa.selenium.support.events.EventFiringWebDriver$$Lambda$126/19428065.invoke(Unknown Source)
	at com.sun.proxy.$Proxy5.onException(Unknown Source)
	at org.openqa.selenium.support.events.EventFiringWebDriver.lambda$new$1(EventFiringWebDriver.java:105)
	at org.openqa.selenium.support.events.EventFiringWebDriver$$Lambda$127/30460305.invoke(Unknown Source)
	at com.sun.proxy.$Proxy6.getScreenshotAs(Unknown Source)
	at org.openqa.selenium.support.events.EventFiringWebDriver.getScreenshotAs(EventFiringWebDriver.java:285)
	at com.crm.qa.util.TestUtil.takeScreenshotAtEndOfTest(TestUtil.java:67)
	at com.crm.qa.util.WebEventListener.onException(WebEventListener.java:67)
	at sun.reflect.GeneratedMethodAccessor1.invoke(Unknown Source)
	at sun.reflect.DelegatingMethodAccessorImpl.invoke(Unknown Source)
	at java.lang.reflect.Method.invoke(Unknown Source)
	at org.openqa.selenium.support.events.EventFiringWebDriver.lambda$new$0(EventFiringWebDriver.java:82)
	at org.openqa.selenium.support.events.EventFiringWebDriver$$Lambda$126/19428065.invoke(Unknown Source)
	at com.sun.proxy.$Proxy5.onException(Unknown Source)
	at org.openqa.selenium.support.events.EventFiringWebDriver.lambda$new$1(EventFiringWebDriver.java:105)
	at org.openqa.selenium.support.events.EventFiringWebDriver$$Lambda$127/30460305.invoke(Unknown Source)
	at com.sun.proxy.$Proxy6.getScreenshotAs(Unknown Source)
	at org.openqa.selenium.support.events.EventFiringWebDriver.getScreenshotAs(EventFiringWebDriver.java:285)
	at com.crm.qa.util.TestUtil.takeScreenshotAtEndOfTest(TestUtil.java:67)
	at com.crm.qa.util.WebEventListener.onException(WebEventListener.java:67)
	at sun.reflect.GeneratedMethodAccessor1.invoke(Unknown Source)
	at sun.reflect.DelegatingMethodAccessorImpl.invoke(Unknown Source)
	at java.lang.reflect.Method.invoke(Unknown Source)
	at org.openqa.selenium.support.events.EventFiringWebDriver.lambda$new$0(EventFiringWebDriver.java:82)
	at org.openqa.selenium.support.events.EventFiringWebDriver$$Lambda$126/19428065.invoke(Unknown Source)
	at com.sun.proxy.$Proxy5.onException(Unknown Source)
	at org.openqa.selenium.support.events.EventFiringWebDriver.lambda$new$1(EventFiringWebDriver.java:105)
	at org.openqa.selenium.support.events.EventFiringWebDriver$$Lambda$127/30460305.invoke(Unknown Source)
	at com.sun.proxy.$Proxy6.getScreenshotAs(Unknown Source)
	at org.openqa.selenium.support.events.EventFiringWebDriver.getScreenshotAs(EventFiringWebDriver.java:285)
	at com.crm.qa.util.TestUtil.takeScreenshotAtEndOfTest(TestUtil.java:67)
	at com.crm.qa.util.WebEventListener.onException(WebEventListener.java:67)
	at sun.reflect.GeneratedMethodAccessor1.invoke(Unknown Source)
	at sun.reflect.DelegatingMethodAccessorImpl.invoke(Unknown Source)
	at java.lang.reflect.Method.invoke(Unknown Source)
	at org.openqa.selenium.support.events.EventFiringWebDriver.lambda$new$0(EventFiringWebDriver.java:82)
	at org.openqa.selenium.support.events.EventFiringWebDriver$$Lambda$126/19428065.invoke(Unknown Source)
	at com.sun.proxy.$Proxy5.onException(Unknown Source)
	at org.openqa.selenium.support.events.EventFiringWebDriver.lambda$new$1(EventFiringWebDriver.java:105)
	at org.openqa.selenium.support.events.EventFiringWebDriver$$Lambda$127/30460305.invoke(Unknown Source)
	at com.sun.proxy.$Proxy6.getScreenshotAs(Unknown Source)
	at org.openqa.selenium.support.events.EventFiringWebDriver.getScreenshotAs(EventFiringWebDriver.java:285)
	at com.crm.qa.util.TestUtil.takeScreenshotAtEndOfTest(TestUtil.java:67)
	at com.crm.qa.util.WebEventListener.onException(WebEventListener.java:67)
	at sun.reflect.GeneratedMethodAccessor1.invoke(Unknown Source)
	at sun.reflect.DelegatingMethodAccessorImpl.invoke(Unknown Source)
	at java.lang.reflect.Method.invoke(Unknown Source)
	at org.openqa.selenium.support.events.EventFiringWebDriver.lambda$new$0(EventFiringWebDriver.java:82)
	at org.openqa.selenium.support.events.EventFiringWebDriver$$Lambda$126/19428065.invoke(Unknown Source)
	at com.sun.proxy.$Proxy5.onException(Unknown Source)
	at org.openqa.selenium.support.events.EventFiringWebDriver.lambda$new$1(EventFiringWebDriver.java:105)
	at org.openqa.selenium.support.events.EventFiringWebDriver$$Lambda$127/30460305.invoke(Unknown Source)
	at com.sun.proxy.$Proxy6.getScreenshotAs(Unknown Source)
	at org.openqa.selenium.support.events.EventFiringWebDriver.getScreenshotAs(EventFiringWebDriver.java:285)
	at com.crm.qa.util.TestUtil.takeScreenshotAtEndOfTest(TestUtil.java:67)
	at com.crm.qa.util.WebEventListener.onException(WebEventListener.java:67)
	at sun.reflect.GeneratedMethodAccessor1.invoke(Unknown Source)
	at sun.reflect.DelegatingMethodAccessorImpl.invoke(Unknown Source)
	at java.lang.reflect.Method.invoke(Unknown Source)
	at org.openqa.selenium.support.events.EventFiringWebDriver.lambda$new$0(EventFiringWebDriver.java:82)
	at org.openqa.selenium.support.events.EventFiringWebDriver$$Lambda$126/19428065.invoke(Unknown Source)
	at com.sun.proxy.$Proxy5.onException(Unknown Source)
	at org.openqa.selenium.support.events.EventFiringWebDriver.lambda$new$1(EventFiringWebDriver.java:105)
	at org.openqa.selenium.support.events.EventFiringWebDriver$$Lambda$127/30460305.invoke(Unknown Source)
	at com.sun.proxy.$Proxy6.getScreenshotAs(Unknown Source)
	at org.openqa.selenium.support.events.EventFiringWebDriver.getScreenshotAs(EventFiringWebDriver.java:285)
	at com.crm.qa.util.TestUtil.takeScreenshotAtEndOfTest(TestUtil.java:67)
	at com.crm.qa.util.WebEventListener.onException(WebEventListener.java:67)
	at sun.reflect.GeneratedMethodAccessor1.invoke(Unknown Source)
	at sun.reflect.DelegatingMethodAccessorImpl.invoke(Unknown Source)
	at java.lang.reflect.Method.invoke(Unknown Source)
	at org.openqa.selenium.support.events.EventFiringWebDriver.lambda$new$0(EventFiringWebDriver.java:82)
	at org.openqa.selenium.support.events.EventFiringWebDriver$$Lambda$126/19428065.invoke(Unknown Source)
	at com.sun.proxy.$Proxy5.onException(Unknown Source)
	at org.openqa.selenium.support.events.EventFiringWebDriver.lambda$new$1(EventFiringWebDriver.java:105)
	at org.openqa.selenium.support.events.EventFiringWebDriver$$Lambda$127/30460305.invoke(Unknown Source)
	at com.sun.proxy.$Proxy6.getScreenshotAs(Unknown Source)
	at org.openqa.selenium.support.events.EventFiringWebDriver.getScreenshotAs(EventFiringWebDriver.java:285)
	at com.crm.qa.util.TestUtil.takeScreenshotAtEndOfTest(TestUtil.java:67)
	at com.crm.qa.util.WebEventListener.onException(WebEventListener.java:67)
	at sun.reflect.GeneratedMethodAccessor1.invoke(Unknown Source)
	at sun.reflect.DelegatingMethodAccessorImpl.invoke(Unknown Source)
	at java.lang.reflect.Method.invoke(Unknown Source)
	at org.openqa.selenium.support.events.EventFiringWebDriver.lambda$new$0(EventFiringWebDriver.java:82)
	at org.openqa.selenium.support.events.EventFiringWebDriver$$Lambda$126/19428065.invoke(Unknown Source)
	at com.sun.proxy.$Proxy5.onException(Unknown Source)
	at org.openqa.selenium.support.events.EventFiringWebDriver.lambda$new$1(EventFiringWebDriver.java:105)
	at org.openqa.selenium.support.events.EventFiringWebDriver$$Lambda$127/30460305.invoke(Unknown Source)
	at com.sun.proxy.$Proxy6.getScreenshotAs(Unknown Source)
	at org.openqa.selenium.support.events.EventFiringWebDriver.getScreenshotAs(EventFiringWebDriver.java:285)
	at com.crm.qa.util.TestUtil.takeScreenshotAtEndOfTest(TestUtil.java:67)
	at com.crm.qa.util.WebEventListener.onException(WebEventListener.java:67)
	at sun.reflect.GeneratedMethodAccessor1.invoke(Unknown Source)
	at sun.reflect.DelegatingMethodAccessorImpl.invoke(Unknown Source)
	at java.lang.reflect.Method.invoke(Unknown Source)
	at org.openqa.selenium.support.events.EventFiringWebDriver.lambda$new$0(EventFiringWebDriver.java:82)
	at org.openqa.selenium.support.events.EventFiringWebDriver$$Lambda$126/19428065.invoke(Unknown Source)
	at com.sun.proxy.$Proxy5.onException(Unknown Source)
	at org.openqa.selenium.support.events.EventFiringWebDriver.lambda$new$1(EventFiringWebDriver.java:105)
	at org.openqa.selenium.support.events.EventFiringWebDriver$$Lambda$127/30460305.invoke(Unknown Source)
	at com.sun.proxy.$Proxy6.getScreenshotAs(Unknown Source)
	at org.openqa.selenium.support.events.EventFiringWebDriver.getScreenshotAs(EventFiringWebDriver.java:285)
	at com.crm.qa.util.TestUtil.takeScreenshotAtEndOfTest(TestUtil.java:67)
	at com.crm.qa.util.WebEventListener.onException(WebEventListener.java:67)
	at sun.reflect.GeneratedMethodAccessor1.invoke(Unknown Source)
	at sun.reflect.DelegatingMethodAccessorImpl.invoke(Unknown Source)
	at java.lang.reflect.Method.invoke(Unknown Source)
	at org.openqa.selenium.support.events.EventFiringWebDriver.lambda$new$0(EventFiringWebDriver.java:82)
	at org.openqa.selenium.support.events.EventFiringWebDriver$$Lambda$126/19428065.invoke(Unknown Source)
	at com.sun.proxy.$Proxy5.onException(Unknown Source)
	at org.openqa.selenium.support.events.EventFiringWebDriver.lambda$new$1(EventFiringWebDriver.java:105)
	at org.openqa.selenium.support.events.EventFiringWebDriver$$Lambda$127/30460305.invoke(Unknown Source)
	at com.sun.proxy.$Proxy6.getScreenshotAs(Unknown Source)
	at org.openqa.selenium.support.events.EventFiringWebDriver.getScreenshotAs(EventFiringWebDriver.java:285)
	at com.crm.qa.util.TestUtil.takeScreenshotAtEndOfTest(TestUtil.java:67)
	at com.crm.qa.util.WebEventListener.onException(WebEventListener.java:67)
	at sun.reflect.GeneratedMethodAccessor1.invoke(Unknown Source)
	at sun.reflect.DelegatingMethodAccessorImpl.invoke(Unknown Source)
	at java.lang.reflect.Method.invoke(Unknown Source)
	at org.openqa.selenium.support.events.EventFiringWebDriver.lambda$new$0(EventFiringWebDriver.java:82)
	at org.openqa.selenium.support.events.EventFiringWebDriver$$Lambda$126/19428065.invoke(Unknown Source)
	at com.sun.proxy.$Proxy5.onException(Unknown Source)
	at org.openqa.selenium.support.events.EventFiringWebDriver.lambda$new$1(EventFiringWebDriver.java:105)
	at org.openqa.selenium.support.events.EventFiringWebDriver$$Lambda$127/30460305.invoke(Unknown Source)
	at com.sun.proxy.$Proxy6.getScreenshotAs(Unknown Source)
	at org.openqa.selenium.support.events.EventFiringWebDriver.getScreenshotAs(EventFiringWebDriver.java:285)
	at com.crm.qa.util.TestUtil.takeScreenshotAtEndOfTest(TestUtil.java:67)
	at com.crm.qa.util.WebEventListener.onException(WebEventListener.java:67)
	at sun.reflect.GeneratedMethodAccessor1.invoke(Unknown Source)
	at sun.reflect.DelegatingMethodAccessorImpl.invoke(Unknown Source)
	at java.lang.reflect.Method.invoke(Unknown Source)
	at org.openqa.selenium.support.events.EventFiringWebDriver.lambda$new$0(EventFiringWebDriver.java:82)
	at org.openqa.selenium.support.events.EventFiringWebDriver$$Lambda$126/19428065.invoke(Unknown Source)
	at com.sun.proxy.$Proxy5.onException(Unknown Source)
	at org.openqa.selenium.support.events.EventFiringWebDriver.lambda$new$1(EventFiringWebDriver.java:105)
	at org.openqa.selenium.support.events.EventFiringWebDriver$$Lambda$127/30460305.invoke(Unknown Source)
	at com.sun.proxy.$Proxy6.getScreenshotAs(Unknown Source)
	at org.openqa.selenium.support.events.EventFiringWebDriver.getScreenshotAs(EventFiringWebDriver.java:285)
	at com.crm.qa.util.TestUtil.takeScreenshotAtEndOfTest(TestUtil.java:67)
	at com.crm.qa.util.WebEventListener.onException(WebEventListener.java:67)
	at sun.reflect.GeneratedMethodAccessor1.invoke(Unknown Source)
	at sun.reflect.DelegatingMethodAccessorImpl.invoke(Unknown Source)
	at java.lang.reflect.Method.invoke(Unknown Source)
	at org.openqa.selenium.support.events.EventFiringWebDriver.lambda$new$0(EventFiringWebDriver.java:82)
	at org.openqa.selenium.support.events.EventFiringWebDriver$$Lambda$126/19428065.invoke(Unknown Source)
	at com.sun.proxy.$Proxy5.onException(Unknown Source)
	at org.openqa.selenium.support.events.EventFiringWebDriver.lambda$new$1(EventFiringWebDriver.java:105)
	at org.openqa.selenium.support.events.EventFiringWebDriver$$Lambda$127/30460305.invoke(Unknown Source)
	at com.sun.proxy.$Proxy6.getScreenshotAs(Unknown Source)
	at org.openqa.selenium.support.events.EventFiringWebDriver.getScreenshotAs(EventFiringWebDriver.java:285)
	at com.crm.qa.util.TestUtil.takeScreenshotAtEndOfTest(TestUtil.java:67)
	at com.crm.qa.util.WebEventListener.onException(WebEventListener.java:67)
	at sun.reflect.GeneratedMethodAccessor1.invoke(Unknown Source)
	at sun.reflect.DelegatingMethodAccessorImpl.invoke(Unknown Source)
	at java.lang.reflect.Method.invoke(Unknown Source)
	at org.openqa.selenium.support.events.EventFiringWebDriver.lambda$new$0(EventFiringWebDriver.java:82)
	at org.openqa.selenium.support.events.EventFiringWebDriver$$Lambda$126/19428065.invoke(Unknown Source)
	at com.sun.proxy.$Proxy5.onException(Unknown Source)
	at org.openqa.selenium.support.events.EventFiringWebDriver.lambda$new$1(EventFiringWebDriver.java:105)
	at org.openqa.selenium.support.events.EventFiringWebDriver$$Lambda$127/30460305.invoke(Unknown Source)
	at com.sun.proxy.$Proxy6.getScreenshotAs(Unknown Source)
	at org.openqa.selenium.support.events.EventFiringWebDriver.getScreenshotAs(EventFiringWebDriver.java:285)
	at com.crm.qa.util.TestUtil.takeScreenshotAtEndOfTest(TestUtil.java:67)
	at com.crm.qa.util.WebEventListener.onException(WebEventListener.java:67)
	at sun.reflect.GeneratedMethodAccessor1.invoke(Unknown Source)
	at sun.reflect.DelegatingMethodAccessorImpl.invoke(Unknown Source)
	at java.lang.reflect.Method.invoke(Unknown Source)
	at org.openqa.selenium.support.events.EventFiringWebDriver.lambda$new$0(EventFiringWebDriver.java:82)
	at org.openqa.selenium.support.events.EventFiringWebDriver$$Lambda$126/19428065.invoke(Unknown Source)
	at com.sun.proxy.$Proxy5.onException(Unknown Source)
	at org.openqa.selenium.support.events.EventFiringWebDriver.lambda$new$1(EventFiringWebDriver.java:105)
	at org.openqa.selenium.support.events.EventFiringWebDriver$$Lambda$127/30460305.invoke(Unknown Source)
	at com.sun.proxy.$Proxy6.getScreenshotAs(Unknown Source)
	at org.openqa.selenium.support.events.EventFiringWebDriver.getScreenshotAs(EventFiringWebDriver.java:285)
	at com.crm.qa.util.TestUtil.takeScreenshotAtEndOfTest(TestUtil.java:67)
	at com.crm.qa.util.WebEventListener.onException(WebEventListener.java:67)
	at sun.reflect.GeneratedMethodAccessor1.invoke(Unknown Source)
	at sun.reflect.DelegatingMethodAccessorImpl.invoke(Unknown Source)
	at java.lang.reflect.Method.invoke(Unknown Source)
	at org.openqa.selenium.support.events.EventFiringWebDriver.lambda$new$0(EventFiringWebDriver.java:82)
	at org.openqa.selenium.support.events.EventFiringWebDriver$$Lambda$126/19428065.invoke(Unknown Source)
	at com.sun.proxy.$Proxy5.onException(Unknown Source)
	at org.openqa.selenium.support.events.EventFiringWebDriver.lambda$new$1(EventFiringWebDriver.java:105)
	at org.openqa.selenium.support.events.EventFiringWebDriver$$Lambda$127/30460305.invoke(Unknown Source)
	at com.sun.proxy.$Proxy6.getScreenshotAs(Unknown Source)
	at org.openqa.selenium.support.events.EventFiringWebDriver.getScreenshotAs(EventFiringWebDriver.java:285)
	at com.crm.qa.util.TestUtil.takeScreenshotAtEndOfTest(TestUtil.java:67)
	at com.crm.qa.util.WebEventListener.onException(WebEventListener.java:67)
	at sun.reflect.GeneratedMethodAccessor1.invoke(Unknown Source)
	at sun.reflect.DelegatingMethodAccessorImpl.invoke(Unknown Source)
	at java.lang.reflect.Method.invoke(Unknown Source)
	at org.openqa.selenium.support.events.EventFiringWebDriver.lambda$new$0(EventFiringWebDriver.java:82)
	at org.openqa.selenium.support.events.EventFiringWebDriver$$Lambda$126/19428065.invoke(Unknown Source)
	at com.sun.proxy.$Proxy5.onException(Unknown Source)
	at org.openqa.selenium.support.events.EventFiringWebDriver.lambda$new$1(EventFiringWebDriver.java:105)
	at org.openqa.selenium.support.events.EventFiringWebDriver$$Lambda$127/30460305.invoke(Unknown Source)
	at com.sun.proxy.$Proxy6.getScreenshotAs(Unknown Source)
	at org.openqa.selenium.support.events.EventFiringWebDriver.getScreenshotAs(EventFiringWebDriver.java:285)
	at com.crm.qa.util.TestUtil.takeScreenshotAtEndOfTest(TestUtil.java:67)
	at com.crm.qa.util.WebEventListener.onException(WebEventListener.java:67)
	at sun.reflect.GeneratedMethodAccessor1.invoke(Unknown Source)
	at sun.reflect.DelegatingMethodAccessorImpl.invoke(Unknown Source)
	at java.lang.reflect.Method.invoke(Unknown Source)
	at org.openqa.selenium.support.events.EventFiringWebDriver.lambda$new$0(EventFiringWebDriver.java:82)
	at org.openqa.selenium.support.events.EventFiringWebDriver$$Lambda$126/19428065.invoke(Unknown Source)
	at com.sun.proxy.$Proxy5.onException(Unknown Source)
	at org.openqa.selenium.support.events.EventFiringWebDriver.lambda$new$1(EventFiringWebDriver.java:105)
	at org.openqa.selenium.support.events.EventFiringWebDriver$$Lambda$127/30460305.invoke(Unknown Source)
	at com.sun.proxy.$Proxy6.getScreenshotAs(Unknown Source)
	at org.openqa.selenium.support.events.EventFiringWebDriver.getScreenshotAs(EventFiringWebDriver.java:285)
	at com.crm.qa.util.TestUtil.takeScreenshotAtEndOfTest(TestUtil.java:67)
	at com.crm.qa.util.WebEventListener.onException(WebEventListener.java:67)
	at sun.reflect.GeneratedMethodAccessor1.invoke(Unknown Source)
	at sun.reflect.DelegatingMethodAccessorImpl.invoke(Unknown Source)
	at java.lang.reflect.Method.invoke(Unknown Source)
	at org.openqa.selenium.support.events.EventFiringWebDriver.lambda$new$0(EventFiringWebDriver.java:82)
	at org.openqa.selenium.support.events.EventFiringWebDriver$$Lambda$126/19428065.invoke(Unknown Source)
	at com.sun.proxy.$Proxy5.onException(Unknown Source)
	at org.openqa.selenium.support.events.EventFiringWebDriver.lambda$new$1(EventFiringWebDriver.java:105)
	at org.openqa.selenium.support.events.EventFiringWebDriver$$Lambda$127/30460305.invoke(Unknown Source)
	at com.sun.proxy.$Proxy6.getScreenshotAs(Unknown Source)
	at org.openqa.selenium.support.events.EventFiringWebDriver.getScreenshotAs(EventFiringWebDriver.java:285)
	at com.crm.qa.util.TestUtil.takeScreenshotAtEndOfTest(TestUtil.java:67)
	at com.crm.qa.util.WebEventListener.onException(WebEventListener.java:67)
	at sun.reflect.GeneratedMethodAccessor1.invoke(Unknown Source)
	at sun.reflect.DelegatingMethodAccessorImpl.invoke(Unknown Source)
	at java.lang.reflect.Method.invoke(Unknown Source)
	at org.openqa.selenium.support.events.EventFiringWebDriver.lambda$new$0(EventFiringWebDriver.java:82)
	at org.openqa.selenium.support.events.EventFiringWebDriver$$Lambda$126/19428065.invoke(Unknown Source)
	at com.sun.proxy.$Proxy5.onException(Unknown Source)
	at org.openqa.selenium.support.events.EventFiringWebDriver.lambda$new$1(EventFiringWebDriver.java:105)
	at org.openqa.selenium.support.events.EventFiringWebDriver$$Lambda$127/30460305.invoke(Unknown Source)
	at com.sun.proxy.$Proxy6.getScreenshotAs(Unknown Source)
	at org.openqa.selenium.support.events.EventFiringWebDriver.getScreenshotAs(EventFiringWebDriver.java:285)
	at com.crm.qa.util.TestUtil.takeScreenshotAtEndOfTest(TestUtil.java:67)
	at com.crm.qa.util.WebEventListener.onException(WebEventListener.java:67)
	at sun.reflect.GeneratedMethodAccessor1.invoke(Unknown Source)
	at sun.reflect.DelegatingMethodAccessorImpl.invoke(Unknown Source)
	at java.lang.reflect.Method.invoke(Unknown Source)
	at org.openqa.selenium.support.events.EventFiringWebDriver.lambda$new$0(EventFiringWebDriver.java:82)
	at org.openqa.selenium.support.events.EventFiringWebDriver$$Lambda$126/19428065.invoke(Unknown Source)
	at com.sun.proxy.$Proxy5.onException(Unknown Source)
	at org.openqa.selenium.support.events.EventFiringWebDriver.lambda$new$1(EventFiringWebDriver.java:105)
	at org.openqa.selenium.support.events.EventFiringWebDriver$$Lambda$127/30460305.invoke(Unknown Source)
	at com.sun.proxy.$Proxy6.getScreenshotAs(Unknown Source)
	at org.openqa.selenium.support.events.EventFiringWebDriver.getScreenshotAs(EventFiringWebDriver.java:285)
	at com.crm.qa.util.TestUtil.takeScreenshotAtEndOfTest(TestUtil.java:67)
	at com.crm.qa.util.WebEventListener.onException(WebEventListener.java:67)
	at sun.reflect.GeneratedMethodAccessor1.invoke(Unknown Source)
	at sun.reflect.DelegatingMethodAccessorImpl.invoke(Unknown Source)
	at java.lang.reflect.Method.invoke(Unknown Source)
	at org.openqa.selenium.support.events.EventFiringWebDriver.lambda$new$0(EventFiringWebDriver.java:82)
	at org.openqa.selenium.support.events.EventFiringWebDriver$$Lambda$126/19428065.invoke(Unknown Source)
	at com.sun.proxy.$Proxy5.onException(Unknown Source)
	at org.openqa.selenium.support.events.EventFiringWebDriver.lambda$new$1(EventFiringWebDriver.java:105)
	at org.openqa.selenium.support.events.EventFiringWebDriver$$Lambda$127/30460305.invoke(Unknown Source)
	at com.sun.proxy.$Proxy6.getScreenshotAs(Unknown Source)
	at org.openqa.selenium.support.events.EventFiringWebDriver.getScreenshotAs(EventFiringWebDriver.java:285)
	at com.crm.qa.util.TestUtil.takeScreenshotAtEndOfTest(TestUtil.java:67)
	at com.crm.qa.util.WebEventListener.onException(WebEventListener.java:67)
	at sun.reflect.GeneratedMethodAccessor1.invoke(Unknown Source)
	at sun.reflect.DelegatingMethodAccessorImpl.invoke(Unknown Source)
	at java.lang.reflect.Method.invoke(Unknown Source)
	at org.openqa.selenium.support.events.EventFiringWebDriver.lambda$new$0(EventFiringWebDriver.java:82)
	at org.openqa.selenium.support.events.EventFiringWebDriver$$Lambda$126/19428065.invoke(Unknown Source)
	at com.sun.proxy.$Proxy5.onException(Unknown Source)
	at org.openqa.selenium.support.events.EventFiringWebDriver.lambda$new$1(EventFiringWebDriver.java:105)
	at org.openqa.selenium.support.events.EventFiringWebDriver$$Lambda$127/30460305.invoke(Unknown Source)
	at com.sun.proxy.$Proxy6.getScreenshotAs(Unknown Source)
	at org.openqa.selenium.support.events.EventFiringWebDriver.getScreenshotAs(EventFiringWebDriver.java:285)
	at com.crm.qa.util.TestUtil.takeScreenshotAtEndOfTest(TestUtil.java:67)
	at com.crm.qa.util.WebEventListener.onException(WebEventListener.java:67)
	at sun.reflect.GeneratedMethodAccessor1.invoke(Unknown Source)
	at sun.reflect.DelegatingMethodAccessorImpl.invoke(Unknown Source)
	at java.lang.reflect.Method.invoke(Unknown Source)
	at org.openqa.selenium.support.events.EventFiringWebDriver.lambda$new$0(EventFiringWebDriver.java:82)
	at org.openqa.selenium.support.events.EventFiringWebDriver$$Lambda$126/19428065.invoke(Unknown Source)
	at com.sun.proxy.$Proxy5.onException(Unknown Source)
	at org.openqa.selenium.support.events.EventFiringWebDriver.lambda$new$1(EventFiringWebDriver.java:105)
	at org.openqa.selenium.support.events.EventFiringWebDriver$$Lambda$127/30460305.invoke(Unknown Source)
	at com.sun.proxy.$Proxy6.getScreenshotAs(Unknown Source)
	at org.openqa.selenium.support.events.EventFiringWebDriver.getScreenshotAs(EventFiringWebDriver.java:285)
	at com.crm.qa.util.TestUtil.takeScreenshotAtEndOfTest(TestUtil.java:67)
	at com.crm.qa.util.WebEventListener.onException(WebEventListener.java:67)
	at sun.reflect.GeneratedMethodAccessor1.invoke(Unknown Source)
	at sun.reflect.DelegatingMethodAccessorImpl.invoke(Unknown Source)
	at java.lang.reflect.Method.invoke(Unknown Source)
	at org.openqa.selenium.support.events.EventFiringWebDriver.lambda$new$0(EventFiringWebDriver.java:82)
	at org.openqa.selenium.support.events.EventFiringWebDriver$$Lambda$126/19428065.invoke(Unknown Source)
	at com.sun.proxy.$Proxy5.onException(Unknown Source)
	at org.openqa.selenium.support.events.EventFiringWebDriver.lambda$new$1(EventFiringWebDriver.java:105)
	at org.openqa.selenium.support.events.EventFiringWebDriver$$Lambda$127/30460305.invoke(Unknown Source)
	at com.sun.proxy.$Proxy6.getScreenshotAs(Unknown Source)
	at org.openqa.selenium.support.events.EventFiringWebDriver.getScreenshotAs(EventFiringWebDriver.java:285)
	at com.crm.qa.util.TestUtil.takeScreenshotAtEndOfTest(TestUtil.java:67)
	at com.crm.qa.util.WebEventListener.onException(WebEventListener.java:67)
	at sun.reflect.GeneratedMethodAccessor1.invoke(Unknown Source)
	at sun.reflect.DelegatingMethodAccessorImpl.invoke(Unknown Source)
	at java.lang.reflect.Method.invoke(Unknown Source)
	at org.openqa.selenium.support.events.EventFiringWebDriver.lambda$new$0(EventFiringWebDriver.java:82)
	at org.openqa.selenium.support.events.EventFiringWebDriver$$Lambda$126/19428065.invoke(Unknown Source)
	at com.sun.proxy.$Proxy5.onException(Unknown Source)
	at org.openqa.selenium.support.events.EventFiringWebDriver.lambda$new$1(EventFiringWebDriver.java:105)
	at org.openqa.selenium.support.events.EventFiringWebDriver$$Lambda$127/30460305.invoke(Unknown Source)
	at com.sun.proxy.$Proxy6.getScreenshotAs(Unknown Source)
	at org.openqa.selenium.support.events.EventFiringWebDriver.getScreenshotAs(EventFiringWebDriver.java:285)
	at com.crm.qa.util.TestUtil.takeScreenshotAtEndOfTest(TestUtil.java:67)
	at com.crm.qa.util.WebEventListener.onException(WebEventListener.java:67)
	at sun.reflect.GeneratedMethodAccessor1.invoke(Unknown Source)
	at sun.reflect.DelegatingMethodAccessorImpl.invoke(Unknown Source)
	at java.lang.reflect.Method.invoke(Unknown Source)
	at org.openqa.selenium.support.events.EventFiringWebDriver.lambda$new$0(EventFiringWebDriver.java:82)
	at org.openqa.selenium.support.events.EventFiringWebDriver$$Lambda$126/19428065.invoke(Unknown Source)
	at com.sun.proxy.$Proxy5.onException(Unknown Source)
	at org.openqa.selenium.support.events.EventFiringWebDriver.lambda$new$1(EventFiringWebDriver.java:105)
	at org.openqa.selenium.support.events.EventFiringWebDriver$$Lambda$127/30460305.invoke(Unknown Source)
	at com.sun.proxy.$Proxy6.getScreenshotAs(Unknown Source)
	at org.openqa.selenium.support.events.EventFiringWebDriver.getScreenshotAs(EventFiringWebDriver.java:285)
	at com.crm.qa.util.TestUtil.takeScreenshotAtEndOfTest(TestUtil.java:67)
	at com.crm.qa.util.WebEventListener.onException(WebEventListener.java:67)
	at sun.reflect.GeneratedMethodAccessor1.invoke(Unknown Source)
	at sun.reflect.DelegatingMethodAccessorImpl.invoke(Unknown Source)
	at java.lang.reflect.Method.invoke(Unknown Source)
	at org.openqa.selenium.support.events.EventFiringWebDriver.lambda$new$0(EventFiringWebDriver.java:82)
	at org.openqa.selenium.support.events.EventFiringWebDriver$$Lambda$126/19428065.invoke(Unknown Source)
	at com.sun.proxy.$Proxy5.onException(Unknown Source)
	at org.openqa.selenium.support.events.EventFiringWebDriver.lambda$new$1(EventFiringWebDriver.java:105)
	at org.openqa.selenium.support.events.EventFiringWebDriver$$Lambda$127/30460305.invoke(Unknown Source)
	at com.sun.proxy.$Proxy6.getScreenshotAs(Unknown Source)
	at org.openqa.selenium.support.events.EventFiringWebDriver.getScreenshotAs(EventFiringWebDriver.java:285)
	at com.crm.qa.util.TestUtil.takeScreenshotAtEndOfTest(TestUtil.java:67)
	at com.crm.qa.util.WebEventListener.onException(WebEventListener.java:67)
	at sun.reflect.GeneratedMethodAccessor1.invoke(Unknown Source)
	at sun.reflect.DelegatingMethodAccessorImpl.invoke(Unknown Source)
	at java.lang.reflect.Method.invoke(Unknown Source)
	at org.openqa.selenium.support.events.EventFiringWebDriver.lambda$new$0(EventFiringWebDriver.java:82)
	at org.openqa.selenium.support.events.EventFiringWebDriver$$Lambda$126/19428065.invoke(Unknown Source)
	at com.sun.proxy.$Proxy5.onException(Unknown Source)
	at org.openqa.selenium.support.events.EventFiringWebDriver.lambda$new$1(EventFiringWebDriver.java:105)
	at org.openqa.selenium.support.events.EventFiringWebDriver$$Lambda$127/30460305.invoke(Unknown Source)
	at com.sun.proxy.$Proxy6.getScreenshotAs(Unknown Source)
	at org.openqa.selenium.support.events.EventFiringWebDriver.getScreenshotAs(EventFiringWebDriver.java:285)
	at com.crm.qa.util.TestUtil.takeScreenshotAtEndOfTest(TestUtil.java:67)
	at com.crm.qa.util.WebEventListener.onException(WebEventListener.java:67)
	at sun.reflect.GeneratedMethodAccessor1.invoke(Unknown Source)
	at sun.reflect.DelegatingMethodAccessorImpl.invoke(Unknown Source)
	at java.lang.reflect.Method.invoke(Unknown Source)
	at org.openqa.selenium.support.events.EventFiringWebDriver.lambda$new$0(EventFiringWebDriver.java:82)
	at org.openqa.selenium.support.events.EventFiringWebDriver$$Lambda$126/19428065.invoke(Unknown Source)
	at com.sun.proxy.$Proxy5.onException(Unknown Source)
	at org.openqa.selenium.support.events.EventFiringWebDriver.lambda$new$1(EventFiringWebDriver.java:105)
	at org.openqa.selenium.support.events.EventFiringWebDriver$$Lambda$127/30460305.invoke(Unknown Source)
	at com.sun.proxy.$Proxy6.getScreenshotAs(Unknown Source)
	at org.openqa.selenium.support.events.EventFiringWebDriver.getScreenshotAs(EventFiringWebDriver.java:285)
	at com.crm.qa.util.TestUtil.takeScreenshotAtEndOfTest(TestUtil.java:67)
	at com.crm.qa.util.WebEventListener.onException(WebEventListener.java:67)
	at sun.reflect.GeneratedMethodAccessor1.invoke(Unknown Source)
	at sun.reflect.DelegatingMethodAccessorImpl.invoke(Unknown Source)
	at java.lang.reflect.Method.invoke(Unknown Source)
	at org.openqa.selenium.support.events.EventFiringWebDriver.lambda$new$0(EventFiringWebDriver.java:82)
	at org.openqa.selenium.support.events.EventFiringWebDriver$$Lambda$126/19428065.invoke(Unknown Source)
	at com.sun.proxy.$Proxy5.onException(Unknown Source)
	at org.openqa.selenium.support.events.EventFiringWebDriver.lambda$new$1(EventFiringWebDriver.java:105)
	at org.openqa.selenium.support.events.EventFiringWebDriver$$Lambda$127/30460305.invoke(Unknown Source)
	at com.sun.proxy.$Proxy6.getScreenshotAs(Unknown Source)
	at org.openqa.selenium.support.events.EventFiringWebDriver.getScreenshotAs(EventFiringWebDriver.java:285)
	at com.crm.qa.util.TestUtil.takeScreenshotAtEndOfTest(TestUtil.java:67)
	at com.crm.qa.util.WebEventListener.onException(WebEventListener.java:67)
	at sun.reflect.GeneratedMethodAccessor1.invoke(Unknown Source)
	at sun.reflect.DelegatingMethodAccessorImpl.invoke(Unknown Source)
	at java.lang.reflect.Method.invoke(Unknown Source)
	at org.openqa.selenium.support.events.EventFiringWebDriver.lambda$new$0(EventFiringWebDriver.java:82)
	at org.openqa.selenium.support.events.EventFiringWebDriver$$Lambda$126/19428065.invoke(Unknown Source)
	at com.sun.proxy.$Proxy5.onException(Unknown Source)
	at org.openqa.selenium.support.events.EventFiringWebDriver.lambda$new$1(EventFiringWebDriver.java:105)
	at org.openqa.selenium.support.events.EventFiringWebDriver$$Lambda$127/30460305.invoke(Unknown Source)
	at com.sun.proxy.$Proxy6.getScreenshotAs(Unknown Source)
	at org.openqa.selenium.support.events.EventFiringWebDriver.getScreenshotAs(EventFiringWebDriver.java:285)
	at com.crm.qa.util.TestUtil.takeScreenshotAtEndOfTest(TestUtil.java:67)
	at com.crm.qa.util.WebEventListener.onException(WebEventListener.java:67)
	at sun.reflect.GeneratedMethodAccessor1.invoke(Unknown Source)
	at sun.reflect.DelegatingMethodAccessorImpl.invoke(Unknown Source)
	at java.lang.reflect.Method.invoke(Unknown Source)
	at org.openqa.selenium.support.events.EventFiringWebDriver.lambda$new$0(EventFiringWebDriver.java:82)
	at org.openqa.selenium.support.events.EventFiringWebDriver$$Lambda$126/19428065.invoke(Unknown Source)
	at com.sun.proxy.$Proxy5.onException(Unknown Source)
	at org.openqa.selenium.support.events.EventFiringWebDriver.lambda$new$1(EventFiringWebDriver.java:105)
	at org.openqa.selenium.support.events.EventFiringWebDriver$$Lambda$127/30460305.invoke(Unknown Source)
	at com.sun.proxy.$Proxy6.getScreenshotAs(Unknown Source)
	at org.openqa.selenium.support.events.EventFiringWebDriver.getScreenshotAs(EventFiringWebDriver.java:285)
	at com.crm.qa.util.TestUtil.takeScreenshotAtEndOfTest(TestUtil.java:67)
	at com.crm.qa.util.WebEventListener.onException(WebEventListener.java:67)
	at sun.reflect.GeneratedMethodAccessor1.invoke(Unknown Source)
	at sun.reflect.DelegatingMethodAccessorImpl.invoke(Unknown Source)
	at java.lang.reflect.Method.invoke(Unknown Source)
	at org.openqa.selenium.support.events.EventFiringWebDriver.lambda$new$0(EventFiringWebDriver.java:82)
	at org.openqa.selenium.support.events.EventFiringWebDriver$$Lambda$126/19428065.invoke(Unknown Source)
	at com.sun.proxy.$Proxy5.onException(Unknown Source)
	at org.openqa.selenium.support.events.EventFiringWebDriver.lambda$new$1(EventFiringWebDriver.java:105)
	at org.openqa.selenium.support.events.EventFiringWebDriver$$Lambda$127/30460305.invoke(Unknown Source)
	at com.sun.proxy.$Proxy6.getScreenshotAs(Unknown Source)
	at org.openqa.selenium.support.events.EventFiringWebDriver.getScreenshotAs(EventFiringWebDriver.java:285)
	at com.crm.qa.util.TestUtil.takeScreenshotAtEndOfTest(TestUtil.java:67)
	at com.crm.qa.util.WebEventListener.onException(WebEventListener.java:67)
	at sun.reflect.GeneratedMethodAccessor1.invoke(Unknown Source)
	at sun.reflect.DelegatingMethodAccessorImpl.invoke(Unknown Source)
	at java.lang.reflect.Method.invoke(Unknown Source)
	at org.openqa.selenium.support.events.EventFiringWebDriver.lambda$new$0(EventFiringWebDriver.java:82)
	at org.openqa.selenium.support.events.EventFiringWebDriver$$Lambda$126/19428065.invoke(Unknown Source)
	at com.sun.proxy.$Proxy5.onException(Unknown Source)
	at org.openqa.selenium.support.events.EventFiringWebDriver.lambda$new$1(EventFiringWebDriver.java:105)
	at org.openqa.selenium.support.events.EventFiringWebDriver$$Lambda$127/30460305.invoke(Unknown Source)
	at com.sun.proxy.$Proxy6.getScreenshotAs(Unknown Source)
	at org.openqa.selenium.support.events.EventFiringWebDriver.getScreenshotAs(EventFiringWebDriver.java:285)
	at com.crm.qa.util.TestUtil.takeScreenshotAtEndOfTest(TestUtil.java:67)
	at com.crm.qa.util.WebEventListener.onException(WebEventListener.java:67)
	at sun.reflect.GeneratedMethodAccessor1.invoke(Unknown Source)
	at sun.reflect.DelegatingMethodAccessorImpl.invoke(Unknown Source)
	at java.lang.reflect.Method.invoke(Unknown Source)
	at org.openqa.selenium.support.events.EventFiringWebDriver.lambda$new$0(EventFiringWebDriver.java:82)
	at org.openqa.selenium.support.events.EventFiringWebDriver$$Lambda$126/19428065.invoke(Unknown Source)
	at com.sun.proxy.$Proxy5.onException(Unknown Source)
	at org.openqa.selenium.support.events.EventFiringWebDriver.lambda$new$1(EventFiringWebDriver.java:105)
	at org.openqa.selenium.support.events.EventFiringWebDriver$$Lambda$127/30460305.invoke(Unknown Source)
	at com.sun.proxy.$Proxy6.getScreenshotAs(Unknown Source)
	at org.openqa.selenium.support.events.EventFiringWebDriver.getScreenshotAs(EventFiringWebDriver.java:285)
	at com.crm.qa.util.TestUtil.takeScreenshotAtEndOfTest(TestUtil.java:67)
	at com.crm.qa.util.WebEventListener.onException(WebEventListener.java:67)
	at sun.reflect.GeneratedMethodAccessor1.invoke(Unknown Source)
	at sun.reflect.DelegatingMethodAccessorImpl.invoke(Unknown Source)
	at java.lang.reflect.Method.invoke(Unknown Source)
	at org.openqa.selenium.support.events.EventFiringWebDriver.lambda$new$0(EventFiringWebDriver.java:82)
	at org.openqa.selenium.support.events.EventFiringWebDriver$$Lambda$126/19428065.invoke(Unknown Source)
	at com.sun.proxy.$Proxy5.onException(Unknown Source)
	at org.openqa.selenium.support.events.EventFiringWebDriver.lambda$new$1(EventFiringWebDriver.java:105)
	at org.openqa.selenium.support.events.EventFiringWebDriver$$Lambda$127/30460305.invoke(Unknown Source)
	at com.sun.proxy.$Proxy6.getScreenshotAs(Unknown Source)
	at org.openqa.selenium.support.events.EventFiringWebDriver.getScreenshotAs(EventFiringWebDriver.java:285)
	at com.crm.qa.util.TestUtil.takeScreenshotAtEndOfTest(TestUtil.java:67)
	at com.crm.qa.util.WebEventListener.onException(WebEventListener.java:67)
	at sun.reflect.GeneratedMethodAccessor1.invoke(Unknown Source)
	at sun.reflect.DelegatingMethodAccessorImpl.invoke(Unknown Source)
	at java.lang.reflect.Method.invoke(Unknown Source)
	at org.openqa.selenium.support.events.EventFiringWebDriver.lambda$new$0(EventFiringWebDriver.java:82)
	at org.openqa.selenium.support.events.EventFiringWebDriver$$Lambda$126/19428065.invoke(Unknown Source)
	at com.sun.proxy.$Proxy5.onException(Unknown Source)
	at org.openqa.selenium.support.events.EventFiringWebDriver.lambda$new$1(EventFiringWebDriver.java:105)
	at org.openqa.selenium.support.events.EventFiringWebDriver$$Lambda$127/30460305.invoke(Unknown Source)
	at com.sun.proxy.$Proxy6.getScreenshotAs(Unknown Source)
	at org.openqa.selenium.support.events.EventFiringWebDriver.getScreenshotAs(EventFiringWebDriver.java:285)
	at com.crm.qa.util.TestUtil.takeScreenshotAtEndOfTest(TestUtil.java:67)
	at com.crm.qa.util.WebEventListener.onException(WebEventListener.java:67)
	at sun.reflect.GeneratedMethodAccessor1.invoke(Unknown Source)
	at sun.reflect.DelegatingMethodAccessorImpl.invoke(Unknown Source)
	at java.lang.reflect.Method.invoke(Unknown Source)
	at org.openqa.selenium.support.events.EventFiringWebDriver.lambda$new$0(EventFiringWebDriver.java:82)
	at org.openqa.selenium.support.events.EventFiringWebDriver$$Lambda$126/19428065.invoke(Unknown Source)
	at com.sun.proxy.$Proxy5.onException(Unknown Source)
	at org.openqa.selenium.support.events.EventFiringWebDriver.lambda$new$1(EventFiringWebDriver.java:105)
	at org.openqa.selenium.support.events.EventFiringWebDriver$$Lambda$127/30460305.invoke(Unknown Source)
	at com.sun.proxy.$Proxy6.getScreenshotAs(Unknown Source)
	at org.openqa.selenium.support.events.EventFiringWebDriver.getScreenshotAs(EventFiringWebDriver.java:285)
	at com.crm.qa.util.TestUtil.takeScreenshotAtEndOfTest(TestUtil.java:67)
	at com.crm.qa.util.WebEventListener.onException(WebEventListener.java:67)
	at sun.reflect.GeneratedMethodAccessor1.invoke(Unknown Source)
	at sun.reflect.DelegatingMethodAccessorImpl.invoke(Unknown Source)
	at java.lang.reflect.Method.invoke(Unknown Source)
	at org.openqa.selenium.support.events.EventFiringWebDriver.lambda$new$0(EventFiringWebDriver.java:82)
	at org.openqa.selenium.support.events.EventFiringWebDriver$$Lambda$126/19428065.invoke(Unknown Source)
	at com.sun.proxy.$Proxy5.onException(Unknown Source)
	at org.openqa.selenium.support.events.EventFiringWebDriver.lambda$new$1(EventFiringWebDriver.java:105)
	at org.openqa.selenium.support.events.EventFiringWebDriver$$Lambda$127/30460305.invoke(Unknown Source)
	at com.sun.proxy.$Proxy6.getScreenshotAs(Unknown Source)
	at org.openqa.selenium.support.events.EventFiringWebDriver.getScreenshotAs(EventFiringWebDriver.java:285)
	at com.crm.qa.util.TestUtil.takeScreenshotAtEndOfTest(TestUtil.java:67)
	at com.crm.qa.util.WebEventListener.onException(WebEventListener.java:67)
	at sun.reflect.GeneratedMethodAccessor1.invoke(Unknown Source)
	at sun.reflect.DelegatingMethodAccessorImpl.invoke(Unknown Source)
	at java.lang.reflect.Method.invoke(Unknown Source)
	at org.openqa.selenium.support.events.EventFiringWebDriver.lambda$new$0(EventFiringWebDriver.java:82)
	at org.openqa.selenium.support.events.EventFiringWebDriver$$Lambda$126/19428065.invoke(Unknown Source)
	at com.sun.proxy.$Proxy5.onException(Unknown Source)
	at org.openqa.selenium.support.events.EventFiringWebDriver.lambda$new$1(EventFiringWebDriver.java:105)
	at org.openqa.selenium.support.events.EventFiringWebDriver$$Lambda$127/30460305.invoke(Unknown Source)
	at com.sun.proxy.$Proxy6.getScreenshotAs(Unknown Source)
	at org.openqa.selenium.support.events.EventFiringWebDriver.getScreenshotAs(EventFiringWebDriver.java:285)
	at com.crm.qa.util.TestUtil.takeScreenshotAtEndOfTest(TestUtil.java:67)
	at com.crm.qa.util.WebEventListener.onException(WebEventListener.java:67)
	at sun.reflect.GeneratedMethodAccessor1.invoke(Unknown Source)
	at sun.reflect.DelegatingMethodAccessorImpl.invoke(Unknown Source)
	at java.lang.reflect.Method.invoke(Unknown Source)
	at org.openqa.selenium.support.events.EventFiringWebDriver.lambda$new$0(EventFiringWebDriver.java:82)
	at org.openqa.selenium.support.events.EventFiringWebDriver$$Lambda$126/19428065.invoke(Unknown Source)
	at com.sun.proxy.$Proxy5.onException(Unknown Source)
	at org.openqa.selenium.support.events.EventFiringWebDriver.lambda$new$1(EventFiringWebDriver.java:105)
	at org.openqa.selenium.support.events.EventFiringWebDriver$$Lambda$127/30460305.invoke(Unknown Source)
	at com.sun.proxy.$Proxy6.getScreenshotAs(Unknown Source)
	at org.openqa.selenium.support.events.EventFiringWebDriver.getScreenshotAs(EventFiringWebDriver.java:285)
	at com.crm.qa.util.TestUtil.takeScreenshotAtEndOfTest(TestUtil.java:67)
	at com.crm.qa.util.WebEventListener.onException(WebEventListener.java:67)
	at sun.reflect.GeneratedMethodAccessor1.invoke(Unknown Source)
	at sun.reflect.DelegatingMethodAccessorImpl.invoke(Unknown Source)
	at java.lang.reflect.Method.invoke(Unknown Source)
	at org.openqa.selenium.support.events.EventFiringWebDriver.lambda$new$0(EventFiringWebDriver.java:82)
	at org.openqa.selenium.support.events.EventFiringWebDriver$$Lambda$126/19428065.invoke(Unknown Source)
	at com.sun.proxy.$Proxy5.onException(Unknown Source)
	at org.openqa.selenium.support.events.EventFiringWebDriver.lambda$new$1(EventFiringWebDriver.java:105)
	at org.openqa.selenium.support.events.EventFiringWebDriver$$Lambda$127/30460305.invoke(Unknown Source)
	at com.sun.proxy.$Proxy6.getScreenshotAs(Unknown Source)
	at org.openqa.selenium.support.events.EventFiringWebDriver.getScreenshotAs(EventFiringWebDriver.java:285)
	at com.crm.qa.util.TestUtil.takeScreenshotAtEndOfTest(TestUtil.java:67)
	at com.crm.qa.util.WebEventListener.onException(WebEventListener.java:67)
	at sun.reflect.GeneratedMethodAccessor1.invoke(Unknown Source)
	at sun.reflect.DelegatingMethodAccessorImpl.invoke(Unknown Source)
	at java.lang.reflect.Method.invoke(Unknown Source)
	at org.openqa.selenium.support.events.EventFiringWebDriver.lambda$new$0(EventFiringWebDriver.java:82)
	at org.openqa.selenium.support.events.EventFiringWebDriver$$Lambda$126/19428065.invoke(Unknown Source)
	at com.sun.proxy.$Proxy5.onException(Unknown Source)
	at org.openqa.selenium.support.events.EventFiringWebDriver.lambda$new$1(EventFiringWebDriver.java:105)
	at org.openqa.selenium.support.events.EventFiringWebDriver$$Lambda$127/30460305.invoke(Unknown Source)
	at com.sun.proxy.$Proxy6.getScreenshotAs(Unknown Source)
	at org.openqa.selenium.support.events.EventFiringWebDriver.getScreenshotAs(EventFiringWebDriver.java:285)
	at com.crm.qa.util.TestUtil.takeScreenshotAtEndOfTest(TestUtil.java:67)
	at com.crm.qa.util.WebEventListener.onException(WebEventListener.java:67)
	at sun.reflect.GeneratedMethodAccessor1.invoke(Unknown Source)
	at sun.reflect.DelegatingMethodAccessorImpl.invoke(Unknown Source)
	at java.lang.reflect.Method.invoke(Unknown Source)
	at org.openqa.selenium.support.events.EventFiringWebDriver.lambda$new$0(EventFiringWebDriver.java:82)
	at org.openqa.selenium.support.events.EventFiringWebDriver$$Lambda$126/19428065.invoke(Unknown Source)
	at com.sun.proxy.$Proxy5.onException(Unknown Source)
	at org.openqa.selenium.support.events.EventFiringWebDriver.lambda$new$1(EventFiringWebDriver.java:105)
	at org.openqa.selenium.support.events.EventFiringWebDriver$$Lambda$127/30460305.invoke(Unknown Source)
	at com.sun.proxy.$Proxy6.getScreenshotAs(Unknown Source)
	at org.openqa.selenium.support.events.EventFiringWebDriver.getScreenshotAs(EventFiringWebDriver.java:285)
	at com.crm.qa.util.TestUtil.takeScreenshotAtEndOfTest(TestUtil.java:67)
	at com.crm.qa.util.WebEventListener.onException(WebEventListener.java:67)
	at sun.reflect.GeneratedMethodAccessor1.invoke(Unknown Source)
	at sun.reflect.DelegatingMethodAccessorImpl.invoke(Unknown Source)
	at java.lang.reflect.Method.invoke(Unknown Source)
	at org.openqa.selenium.support.events.EventFiringWebDriver.lambda$new$0(EventFiringWebDriver.java:82)
	at org.openqa.selenium.support.events.EventFiringWebDriver$$Lambda$126/19428065.invoke(Unknown Source)
	at com.sun.proxy.$Proxy5.onException(Unknown Source)
	at org.openqa.selenium.support.events.EventFiringWebDriver.lambda$new$1(EventFiringWebDriver.java:105)
	at org.openqa.selenium.support.events.EventFiringWebDriver$$Lambda$127/30460305.invoke(Unknown Source)
	at com.sun.proxy.$Proxy6.getScreenshotAs(Unknown Source)
	at org.openqa.selenium.support.events.EventFiringWebDriver.getScreenshotAs(EventFiringWebDriver.java:285)
	at com.crm.qa.util.TestUtil.takeScreenshotAtEndOfTest(TestUtil.java:67)
	at com.crm.qa.util.WebEventListener.onException(WebEventListener.java:67)
	at sun.reflect.GeneratedMethodAccessor1.invoke(Unknown Source)
	at sun.reflect.DelegatingMethodAccessorImpl.invoke(Unknown Source)
	at java.lang.reflect.Method.invoke(Unknown Source)
	at org.openqa.selenium.support.events.EventFiringWebDriver.lambda$new$0(EventFiringWebDriver.java:82)
	at org.openqa.selenium.support.events.EventFiringWebDriver$$Lambda$126/19428065.invoke(Unknown Source)
	at com.sun.proxy.$Proxy5.onException(Unknown Source)
	at org.openqa.selenium.support.events.EventFiringWebDriver.lambda$new$1(EventFiringWebDriver.java:105)
	at org.openqa.selenium.support.events.EventFiringWebDriver$$Lambda$127/30460305.invoke(Unknown Source)
	at com.sun.proxy.$Proxy6.getScreenshotAs(Unknown Source)
	at org.openqa.selenium.support.events.EventFiringWebDriver.getScreenshotAs(EventFiringWebDriver.java:285)
	at com.crm.qa.util.TestUtil.takeScreenshotAtEndOfTest(TestUtil.java:67)
	at com.crm.qa.util.WebEventListener.onException(WebEventListener.java:67)
	at sun.reflect.GeneratedMethodAccessor1.invoke(Unknown Source)
	at sun.reflect.DelegatingMethodAccessorImpl.invoke(Unknown Source)
	at java.lang.reflect.Method.invoke(Unknown Source)
	at org.openqa.selenium.support.events.EventFiringWebDriver.lambda$new$0(EventFiringWebDriver.java:82)
	at org.openqa.selenium.support.events.EventFiringWebDriver$$Lambda$126/19428065.invoke(Unknown Source)
	at com.sun.proxy.$Proxy5.onException(Unknown Source)
	at org.openqa.selenium.support.events.EventFiringWebDriver.lambda$new$1(EventFiringWebDriver.java:105)
	at org.openqa.selenium.support.events.EventFiringWebDriver$$Lambda$127/30460305.invoke(Unknown Source)
	at com.sun.proxy.$Proxy6.getScreenshotAs(Unknown Source)
	at org.openqa.selenium.support.events.EventFiringWebDriver.getScreenshotAs(EventFiringWebDriver.java:285)
	at com.crm.qa.util.TestUtil.takeScreenshotAtEndOfTest(TestUtil.java:67)
	at com.crm.qa.util.WebEventListener.onException(WebEventListener.java:67)
	at sun.reflect.GeneratedMethodAccessor1.invoke(Unknown Source)
	at sun.reflect.DelegatingMethodAccessorImpl.invoke(Unknown Source)
	at java.lang.reflect.Method.invoke(Unknown Source)
	at org.openqa.selenium.support.events.EventFiringWebDriver.lambda$new$0(EventFiringWebDriver.java:82)
	at org.openqa.selenium.support.events.EventFiringWebDriver$$Lambda$126/19428065.invoke(Unknown Source)
	at com.sun.proxy.$Proxy5.onException(Unknown Source)
	at org.openqa.selenium.support.events.EventFiringWebDriver.lambda$new$1(EventFiringWebDriver.java:105)
	at org.openqa.selenium.support.events.EventFiringWebDriver$$Lambda$127/30460305.invoke(Unknown Source)
	at com.sun.proxy.$Proxy6.getScreenshotAs(Unknown Source)
	at org.openqa.selenium.support.events.EventFiringWebDriver.getScreenshotAs(EventFiringWebDriver.java:285)
	at com.crm.qa.util.TestUtil.takeScreenshotAtEndOfTest(TestUtil.java:67)
	at com.crm.qa.util.WebEventListener.onException(WebEventListener.java:67)
	at sun.reflect.GeneratedMethodAccessor1.invoke(Unknown Source)
	at sun.reflect.DelegatingMethodAccessorImpl.invoke(Unknown Source)
	at java.lang.reflect.Method.invoke(Unknown Source)
	at org.openqa.selenium.support.events.EventFiringWebDriver.lambda$new$0(EventFiringWebDriver.java:82)
	at org.openqa.selenium.support.events.EventFiringWebDriver$$Lambda$126/19428065.invoke(Unknown Source)
	at com.sun.proxy.$Proxy5.onException(Unknown Source)
	at org.openqa.selenium.support.events.EventFiringWebDriver.lambda$new$1(EventFiringWebDriver.java:105)
	at org.openqa.selenium.support.events.EventFiringWebDriver$$Lambda$127/30460305.invoke(Unknown Source)
	at com.sun.proxy.$Proxy6.getScreenshotAs(Unknown Source)
	at org.openqa.selenium.support.events.EventFiringWebDriver.getScreenshotAs(EventFiringWebDriver.java:285)
	at com.crm.qa.util.TestUtil.takeScreenshotAtEndOfTest(TestUtil.java:67)
	at com.crm.qa.util.WebEventListener.onException(WebEventListener.java:67)
	at sun.reflect.GeneratedMethodAccessor1.invoke(Unknown Source)
	at sun.reflect.DelegatingMethodAccessorImpl.invoke(Unknown Source)
	at java.lang.reflect.Method.invoke(Unknown Source)
	at org.openqa.selenium.support.events.EventFiringWebDriver.lambda$new$0(EventFiringWebDriver.java:82)
	at org.openqa.selenium.support.events.EventFiringWebDriver$$Lambda$126/19428065.invoke(Unknown Source)
	at com.sun.proxy.$Proxy5.onException(Unknown Source)
	at org.openqa.selenium.support.events.EventFiringWebDriver.lambda$new$1(EventFiringWebDriver.java:105)
	at org.openqa.selenium.support.events.EventFiringWebDriver$$Lambda$127/30460305.invoke(Unknown Source)
	at com.sun.proxy.$Proxy6.getScreenshotAs(Unknown Source)
	at org.openqa.selenium.support.events.EventFiringWebDriver.getScreenshotAs(EventFiringWebDriver.java:285)
	at com.crm.qa.util.TestUtil.takeScreenshotAtEndOfTest(TestUtil.java:67)
	at com.crm.qa.util.WebEventListener.onException(WebEventListener.java:67)
	at sun.reflect.GeneratedMethodAccessor1.invoke(Unknown Source)
	at sun.reflect.DelegatingMethodAccessorImpl.invoke(Unknown Source)
	at java.lang.reflect.Method.invoke(Unknown Source)
	at org.openqa.selenium.support.events.EventFiringWebDriver.lambda$new$0(EventFiringWebDriver.java:82)
	at org.openqa.selenium.support.events.EventFiringWebDriver$$Lambda$126/19428065.invoke(Unknown Source)
	at com.sun.proxy.$Proxy5.onException(Unknown Source)
	at org.openqa.selenium.support.events.EventFiringWebDriver.lambda$new$1(EventFiringWebDriver.java:105)
	at org.openqa.selenium.support.events.EventFiringWebDriver$$Lambda$127/30460305.invoke(Unknown Source)
	at com.sun.proxy.$Proxy6.getScreenshotAs(Unknown Source)
	at org.openqa.selenium.support.events.EventFiringWebDriver.getScreenshotAs(EventFiringWebDriver.java:285)
	at com.crm.qa.util.TestUtil.takeScreenshotAtEndOfTest(TestUtil.java:67)
	at com.crm.qa.util.WebEventListener.onException(WebEventListener.java:67)
	at sun.reflect.GeneratedMethodAccessor1.invoke(Unknown Source)
	at sun.reflect.DelegatingMethodAccessorImpl.invoke(Unknown Source)
	at java.lang.reflect.Method.invoke(Unknown Source)
	at org.openqa.selenium.support.events.EventFiringWebDriver.lambda$new$0(EventFiringWebDriver.java:82)
	at org.openqa.selenium.support.events.EventFiringWebDriver$$Lambda$126/19428065.invoke(Unknown Source)
	at com.sun.proxy.$Proxy5.onException(Unknown Source)
	at org.openqa.selenium.support.events.EventFiringWebDriver.lambda$new$1(EventFiringWebDriver.java:105)
	at org.openqa.selenium.support.events.EventFiringWebDriver$$Lambda$127/30460305.invoke(Unknown Source)
	at com.sun.proxy.$Proxy6.getScreenshotAs(Unknown Source)
	at org.openqa.selenium.support.events.EventFiringWebDriver.getScreenshotAs(EventFiringWebDriver.java:285)
	at com.crm.qa.util.TestUtil.takeScreenshotAtEndOfTest(TestUtil.java:67)
	at com.crm.qa.util.WebEventListener.onException(WebEventListener.java:67)
	at sun.reflect.GeneratedMethodAccessor1.invoke(Unknown Source)
	at sun.reflect.DelegatingMethodAccessorImpl.invoke(Unknown Source)
	at java.lang.reflect.Method.invoke(Unknown Source)
	at org.openqa.selenium.support.events.EventFiringWebDriver.lambda$new$0(EventFiringWebDriver.java:82)
	at org.openqa.selenium.support.events.EventFiringWebDriver$$Lambda$126/19428065.invoke(Unknown Source)
	at com.sun.proxy.$Proxy5.onException(Unknown Source)
	at org.openqa.selenium.support.events.EventFiringWebDriver.lambda$new$1(EventFiringWebDriver.java:105)
	at org.openqa.selenium.support.events.EventFiringWebDriver$$Lambda$127/30460305.invoke(Unknown Source)
	at com.sun.proxy.$Proxy6.getScreenshotAs(Unknown Source)
	at org.openqa.selenium.support.events.EventFiringWebDriver.getScreenshotAs(EventFiringWebDriver.java:285)
	at com.crm.qa.util.TestUtil.takeScreenshotAtEndOfTest(TestUtil.java:67)
	at com.crm.qa.util.WebEventListener.onException(WebEventListener.java:67)
	at sun.reflect.GeneratedMethodAccessor1.invoke(Unknown Source)
	at sun.reflect.DelegatingMethodAccessorImpl.invoke(Unknown Source)
	at java.lang.reflect.Method.invoke(Unknown Source)
	at org.openqa.selenium.support.events.EventFiringWebDriver.lambda$new$0(EventFiringWebDriver.java:82)
	at org.openqa.selenium.support.events.EventFiringWebDriver$$Lambda$126/19428065.invoke(Unknown Source)
	at com.sun.proxy.$Proxy5.onException(Unknown Source)
	at org.openqa.selenium.support.events.EventFiringWebDriver.lambda$new$1(EventFiringWebDriver.java:105)
	at org.openqa.selenium.support.events.EventFiringWebDriver$$Lambda$127/30460305.invoke(Unknown Source)
	at com.sun.proxy.$Proxy6.getScreenshotAs(Unknown Source)
	at org.openqa.selenium.support.events.EventFiringWebDriver.getScreenshotAs(EventFiringWebDriver.java:285)
	at com.crm.qa.util.TestUtil.takeScreenshotAtEndOfTest(TestUtil.java:67)
	at com.crm.qa.util.WebEventListener.onException(WebEventListener.java:67)
	at sun.reflect.GeneratedMethodAccessor1.invoke(Unknown Source)
	at sun.reflect.DelegatingMethodAccessorImpl.invoke(Unknown Source)
	at java.lang.reflect.Method.invoke(Unknown Source)
	at org.openqa.selenium.support.events.EventFiringWebDriver.lambda$new$0(EventFiringWebDriver.java:82)
	at org.openqa.selenium.support.events.EventFiringWebDriver$$Lambda$126/19428065.invoke(Unknown Source)
	at com.sun.proxy.$Proxy5.onException(Unknown Source)
	at org.openqa.selenium.support.events.EventFiringWebDriver.lambda$new$1(EventFiringWebDriver.java:105)
	at org.openqa.selenium.support.events.EventFiringWebDriver$$Lambda$127/30460305.invoke(Unknown Source)
	at com.sun.proxy.$Proxy6.getScreenshotAs(Unknown Source)
	at org.openqa.selenium.support.events.EventFiringWebDriver.getScreenshotAs(EventFiringWebDriver.java:285)
	at com.crm.qa.util.TestUtil.takeScreenshotAtEndOfTest(TestUtil.java:67)
	at com.crm.qa.util.WebEventListener.onException(WebEventListener.java:67)
	at sun.reflect.GeneratedMethodAccessor1.invoke(Unknown Source)
	at sun.reflect.DelegatingMethodAccessorImpl.invoke(Unknown Source)
	at java.lang.reflect.Method.invoke(Unknown Source)
	at org.openqa.selenium.support.events.EventFiringWebDriver.lambda$new$0(EventFiringWebDriver.java:82)
	at org.openqa.selenium.support.events.EventFiringWebDriver$$Lambda$126/19428065.invoke(Unknown Source)
	at com.sun.proxy.$Proxy5.onException(Unknown Source)
	at org.openqa.selenium.support.events.EventFiringWebDriver.lambda$new$1(EventFiringWebDriver.java:105)
	at org.openqa.selenium.support.events.EventFiringWebDriver$$Lambda$127/30460305.invoke(Unknown Source)
	at com.sun.proxy.$Proxy6.getScreenshotAs(Unknown Source)
	at org.openqa.selenium.support.events.EventFiringWebDriver.getScreenshotAs(EventFiringWebDriver.java:285)
	at com.crm.qa.util.TestUtil.takeScreenshotAtEndOfTest(TestUtil.java:67)
	at com.crm.qa.util.WebEventListener.onException(WebEventListener.java:67)
	at sun.reflect.GeneratedMethodAccessor1.invoke(Unknown Source)
	at sun.reflect.DelegatingMethodAccessorImpl.invoke(Unknown Source)
	at java.lang.reflect.Method.invoke(Unknown Source)
	at org.openqa.selenium.support.events.EventFiringWebDriver.lambda$new$0(EventFiringWebDriver.java:82)
	at org.openqa.selenium.support.events.EventFiringWebDriver$$Lambda$126/19428065.invoke(Unknown Source)
	at com.sun.proxy.$Proxy5.onException(Unknown Source)
	at org.openqa.selenium.support.events.EventFiringWebDriver.lambda$new$1(EventFiringWebDriver.java:105)
	at org.openqa.selenium.support.events.EventFiringWebDriver$$Lambda$127/30460305.invoke(Unknown Source)
	at com.sun.proxy.$Proxy6.getScreenshotAs(Unknown Source)
	at org.openqa.selenium.support.events.EventFiringWebDriver.getScreenshotAs(EventFiringWebDriver.java:285)
	at com.crm.qa.util.TestUtil.takeScreenshotAtEndOfTest(TestUtil.java:67)
	at com.crm.qa.util.WebEventListener.onException(WebEventListener.java:67)
	at sun.reflect.GeneratedMethodAccessor1.invoke(Unknown Source)
	at sun.reflect.DelegatingMethodAccessorImpl.invoke(Unknown Source)
	at java.lang.reflect.Method.invoke(Unknown Source)
	at org.openqa.selenium.support.events.EventFiringWebDriver.lambda$new$0(EventFiringWebDriver.java:82)
	at org.openqa.selenium.support.events.EventFiringWebDriver$$Lambda$126/19428065.invoke(Unknown Source)
	at com.sun.proxy.$Proxy5.onException(Unknown Source)
	at org.openqa.selenium.support.events.EventFiringWebDriver.lambda$new$1(EventFiringWebDriver.java:105)
	at org.openqa.selenium.support.events.EventFiringWebDriver$$Lambda$127/30460305.invoke(Unknown Source)
	at com.sun.proxy.$Proxy6.getScreenshotAs(Unknown Source)
	at org.openqa.selenium.support.events.EventFiringWebDriver.getScreenshotAs(EventFiringWebDriver.java:285)
	at com.crm.qa.util.TestUtil.takeScreenshotAtEndOfTest(TestUtil.java:67)
	at com.crm.qa.util.WebEventListener.onException(WebEventListener.java:67)
	at sun.reflect.GeneratedMethodAccessor1.invoke(Unknown Source)
	at sun.reflect.DelegatingMethodAccessorImpl.invoke(Unknown Source)
	at java.lang.reflect.Method.invoke(Unknown Source)
	at org.openqa.selenium.support.events.EventFiringWebDriver.lambda$new$0(EventFiringWebDriver.java:82)
	at org.openqa.selenium.support.events.EventFiringWebDriver$$Lambda$126/19428065.invoke(Unknown Source)
	at com.sun.proxy.$Proxy5.onException(Unknown Source)
	at org.openqa.selenium.support.events.EventFiringWebDriver.lambda$new$1(EventFiringWebDriver.java:105)
	at org.openqa.selenium.support.events.EventFiringWebDriver$$Lambda$127/30460305.invoke(Unknown Source)
	at com.sun.proxy.$Proxy6.getScreenshotAs(Unknown Source)
	at org.openqa.selenium.support.events.EventFiringWebDriver.getScreenshotAs(EventFiringWebDriver.java:285)
	at com.crm.qa.util.TestUtil.takeScreenshotAtEndOfTest(TestUtil.java:67)
	at com.crm.qa.util.WebEventListener.onException(WebEventListener.java:67)
	at sun.reflect.GeneratedMethodAccessor1.invoke(Unknown Source)
	at sun.reflect.DelegatingMethodAccessorImpl.invoke(Unknown Source)
	at java.lang.reflect.Method.invoke(Unknown Source)
	at org.openqa.selenium.support.events.EventFiringWebDriver.lambda$new$0(EventFiringWebDriver.java:82)
	at org.openqa.selenium.support.events.EventFiringWebDriver$$Lambda$126/19428065.invoke(Unknown Source)
	at com.sun.proxy.$Proxy5.onException(Unknown Source)
	at org.openqa.selenium.support.events.EventFiringWebDriver.lambda$new$1(EventFiringWebDriver.java:105)
	at org.openqa.selenium.support.events.EventFiringWebDriver$$Lambda$127/30460305.invoke(Unknown Source)
	at com.sun.proxy.$Proxy6.getScreenshotAs(Unknown Source)
	at org.openqa.selenium.support.events.EventFiringWebDriver.getScreenshotAs(EventFiringWebDriver.java:285)
	at com.crm.qa.util.TestUtil.takeScreenshotAtEndOfTest(TestUtil.java:67)
	at com.crm.qa.util.WebEventListener.onException(WebEventListener.java:67)
	at sun.reflect.GeneratedMethodAccessor1.invoke(Unknown Source)
	at sun.reflect.DelegatingMethodAccessorImpl.invoke(Unknown Source)
	at java.lang.reflect.Method.invoke(Unknown Source)
	at org.openqa.selenium.support.events.EventFiringWebDriver.lambda$new$0(EventFiringWebDriver.java:82)
	at org.openqa.selenium.support.events.EventFiringWebDriver$$Lambda$126/19428065.invoke(Unknown Source)
	at com.sun.proxy.$Proxy5.onException(Unknown Source)
	at org.openqa.selenium.support.events.EventFiringWebDriver.lambda$new$1(EventFiringWebDriver.java:105)
	at org.openqa.selenium.support.events.EventFiringWebDriver$$Lambda$127/30460305.invoke(Unknown Source)
	at com.sun.proxy.$Proxy6.getScreenshotAs(Unknown Source)
	at org.openqa.selenium.support.events.EventFiringWebDriver.getScreenshotAs(EventFiringWebDriver.java:285)
	at com.crm.qa.util.TestUtil.takeScreenshotAtEndOfTest(TestUtil.java:67)
	at com.crm.qa.util.WebEventListener.onException(WebEventListener.java:67)
	at sun.reflect.GeneratedMethodAccessor1.invoke(Unknown Source)
	at sun.reflect.DelegatingMethodAccessorImpl.invoke(Unknown Source)
	at java.lang.reflect.Method.invoke(Unknown Source)
	at org.openqa.selenium.support.events.EventFiringWebDriver.lambda$new$0(EventFiringWebDriver.java:82)
	at org.openqa.selenium.support.events.EventFiringWebDriver$$Lambda$126/19428065.invoke(Unknown Source)
	at com.sun.proxy.$Proxy5.onException(Unknown Source)
	at org.openqa.selenium.support.events.EventFiringWebDriver.lambda$new$1(EventFiringWebDriver.java:105)
	at org.openqa.selenium.support.events.EventFiringWebDriver$$Lambda$127/30460305.invoke(Unknown Source)
	at com.sun.proxy.$Proxy6.getScreenshotAs(Unknown Source)
	at org.openqa.selenium.support.events.EventFiringWebDriver.getScreenshotAs(EventFiringWebDriver.java:285)
	at com.crm.qa.util.TestUtil.takeScreenshotAtEndOfTest(TestUtil.java:67)
	at com.crm.qa.util.WebEventListener.onException(WebEventListener.java:67)
	at sun.reflect.GeneratedMethodAccessor1.invoke(Unknown Source)
	at sun.reflect.DelegatingMethodAccessorImpl.invoke(Unknown Source)
	at java.lang.reflect.Method.invoke(Unknown Source)
	at org.openqa.selenium.support.events.EventFiringWebDriver.lambda$new$0(EventFiringWebDriver.java:82)
	at org.openqa.selenium.support.events.EventFiringWebDriver$$Lambda$126/19428065.invoke(Unknown Source)
	at com.sun.proxy.$Proxy5.onException(Unknown Source)
	at org.openqa.selenium.support.events.EventFiringWebDriver.lambda$new$1(EventFiringWebDriver.java:105)
	at org.openqa.selenium.support.events.EventFiringWebDriver$$Lambda$127/30460305.invoke(Unknown Source)
]]>
    </error>
  </testcase> <!-- setUp -->
  <testcase name="verifyHomePageTitleTest" time="0.000" classname="com.crm.qa.testcases.HomePageTest">
    <skipped/>
  </testcase> <!-- verifyHomePageTitleTest -->
  <testcase name="verifyUsernameTest" time="0.000" classname="com.crm.qa.testcases.HomePageTest">
    <skipped/>
  </testcase> <!-- verifyUsernameTest -->
  <testcase name="verifyContactsLinkTest" time="0.000" classname="com.crm.qa.testcases.HomePageTest">
    <skipped/>
  </testcase> <!-- verifyContactsLinkTest -->
</testsuite> <!-- com.crm.qa.testcases.HomePageTest -->
